[0m[[0m[0mdebug[0m] [0m[0m> Exec(testOnly singlecycle.toptest, Some(e0f76892-ae87-4701-971e-24a57b82909c), Some(CommandSource(console0)))[0m
[0m[[0m[0mdebug[0m] [0m[0mEvaluating tasks: Test / testOnly[0m
[0m[[0m[0mdebug[0m] [0m[0mRunning task... Cancel: Signal, check cycles: false, forcegc: true[0m
[0m[[0m[0minfo[0m] [0m[0mcompiling 51 Scala sources to /home/shehroz/Scala-Chisel-Learning-Journey/target/scala-2.12/classes ...[0m
[0m[[0m[31merror[0m] [0m[0m/home/shehroz/Scala-Chisel-Learning-Journey/src/main/scala/pipelining/top.scala:17:10: value dataIn is not a member of chisel3.Bundle{val out: chisel3.Vec[chisel3.UInt]; val addr: chisel3.UInt; val rd_enable: chisel3.Bool; val wr_enable: chisel3.Bool; val mask: chisel3.Vec[chisel3.Bool]}[0m
[0m[[0m[31merror[0m] [0m[0mdmmod.io.dataIn(0) := 0.U[0m
[0m[[0m[31merror[0m] [0m[0m         ^[0m
[0m[[0m[31merror[0m] [0m[0m/home/shehroz/Scala-Chisel-Learning-Journey/src/main/scala/pipelining/top.scala:18:10: value dataIn is not a member of chisel3.Bundle{val out: chisel3.Vec[chisel3.UInt]; val addr: chisel3.UInt; val rd_enable: chisel3.Bool; val wr_enable: chisel3.Bool; val mask: chisel3.Vec[chisel3.Bool]}[0m
[0m[[0m[31merror[0m] [0m[0mdmmod.io.dataIn(1) := 0.U[0m
[0m[[0m[31merror[0m] [0m[0m         ^[0m
[0m[[0m[31merror[0m] [0m[0m/home/shehroz/Scala-Chisel-Learning-Journey/src/main/scala/pipelining/top.scala:19:10: value dataIn is not a member of chisel3.Bundle{val out: chisel3.Vec[chisel3.UInt]; val addr: chisel3.UInt; val rd_enable: chisel3.Bool; val wr_enable: chisel3.Bool; val mask: chisel3.Vec[chisel3.Bool]}[0m
[0m[[0m[31merror[0m] [0m[0mdmmod.io.dataIn(2) := 0.U[0m
[0m[[0m[31merror[0m] [0m[0m         ^[0m
[0m[[0m[31merror[0m] [0m[0m/home/shehroz/Scala-Chisel-Learning-Journey/src/main/scala/pipelining/top.scala:20:10: value dataIn is not a member of chisel3.Bundle{val out: chisel3.Vec[chisel3.UInt]; val addr: chisel3.UInt; val rd_enable: chisel3.Bool; val wr_enable: chisel3.Bool; val mask: chisel3.Vec[chisel3.Bool]}[0m
[0m[[0m[31merror[0m] [0m[0mdmmod.io.dataIn(3) := 0.U[0m
[0m[[0m[31merror[0m] [0m[0m         ^[0m
[0m[[0m[31merror[0m] [0m[0m/home/shehroz/Scala-Chisel-Learning-Journey/src/main/scala/pipelining/top.scala:80:18: value dataIn is not a member of chisel3.Bundle{val out: chisel3.Vec[chisel3.UInt]; val addr: chisel3.UInt; val rd_enable: chisel3.Bool; val wr_enable: chisel3.Bool; val mask: chisel3.Vec[chisel3.Bool]}[0m
[0m[[0m[31merror[0m] [0m[0m        dmmod.io.dataIn(0) := regfmod.io.rdata2(7,0)[0m
[0m[[0m[31merror[0m] [0m[0m                 ^[0m
[0m[[0m[31merror[0m] [0m[0m/home/shehroz/Scala-Chisel-Learning-Journey/src/main/scala/pipelining/top.scala:81:18: value dataIn is not a member of chisel3.Bundle{val out: chisel3.Vec[chisel3.UInt]; val addr: chisel3.UInt; val rd_enable: chisel3.Bool; val wr_enable: chisel3.Bool; val mask: chisel3.Vec[chisel3.Bool]}[0m
[0m[[0m[31merror[0m] [0m[0m        dmmod.io.dataIn(1) := 0.U[0m
[0m[[0m[31merror[0m] [0m[0m                 ^[0m
[0m[[0m[31merror[0m] [0m[0m/home/shehroz/Scala-Chisel-Learning-Journey/src/main/scala/pipelining/top.scala:82:18: value dataIn is not a member of chisel3.Bundle{val out: chisel3.Vec[chisel3.UInt]; val addr: chisel3.UInt; val rd_enable: chisel3.Bool; val wr_enable: chisel3.Bool; val mask: chisel3.Vec[chisel3.Bool]}[0m
[0m[[0m[31merror[0m] [0m[0m        dmmod.io.dataIn(2) := 0.U[0m
[0m[[0m[31merror[0m] [0m[0m                 ^[0m
[0m[[0m[31merror[0m] [0m[0m/home/shehroz/Scala-Chisel-Learning-Journey/src/main/scala/pipelining/top.scala:83:18: value dataIn is not a member of chisel3.Bundle{val out: chisel3.Vec[chisel3.UInt]; val addr: chisel3.UInt; val rd_enable: chisel3.Bool; val wr_enable: chisel3.Bool; val mask: chisel3.Vec[chisel3.Bool]}[0m
[0m[[0m[31merror[0m] [0m[0m        dmmod.io.dataIn(3) := 0.U[0m
[0m[[0m[31merror[0m] [0m[0m                 ^[0m
[0m[[0m[31merror[0m] [0m[0m/home/shehroz/Scala-Chisel-Learning-Journey/src/main/scala/pipelining/top.scala:93:18: value dataIn is not a member of chisel3.Bundle{val out: chisel3.Vec[chisel3.UInt]; val addr: chisel3.UInt; val rd_enable: chisel3.Bool; val wr_enable: chisel3.Bool; val mask: chisel3.Vec[chisel3.Bool]}[0m
[0m[[0m[31merror[0m] [0m[0m        dmmod.io.dataIn(0) := 0.U[0m
[0m[[0m[31merror[0m] [0m[0m                 ^[0m
[0m[[0m[31merror[0m] [0m[0m/home/shehroz/Scala-Chisel-Learning-Journey/src/main/scala/pipelining/top.scala:94:18: value dataIn is not a member of chisel3.Bundle{val out: chisel3.Vec[chisel3.UInt]; val addr: chisel3.UInt; val rd_enable: chisel3.Bool; val wr_enable: chisel3.Bool; val mask: chisel3.Vec[chisel3.Bool]}[0m
[0m[[0m[31merror[0m] [0m[0m        dmmod.io.dataIn(1) := regfmod.io.rdata2(7,0)[0m
[0m[[0m[31merror[0m] [0m[0m                 ^[0m
[0m[[0m[31merror[0m] [0m[0m/home/shehroz/Scala-Chisel-Learning-Journey/src/main/scala/pipelining/top.scala:95:18: value dataIn is not a member of chisel3.Bundle{val out: chisel3.Vec[chisel3.UInt]; val addr: chisel3.UInt; val rd_enable: chisel3.Bool; val wr_enable: chisel3.Bool; val mask: chisel3.Vec[chisel3.Bool]}[0m
[0m[[0m[31merror[0m] [0m[0m        dmmod.io.dataIn(2) := 0.U[0m
[0m[[0m[31merror[0m] [0m[0m                 ^[0m
[0m[[0m[31merror[0m] [0m[0m/home/shehroz/Scala-Chisel-Learning-Journey/src/main/scala/pipelining/top.scala:96:18: value dataIn is not a member of chisel3.Bundle{val out: chisel3.Vec[chisel3.UInt]; val addr: chisel3.UInt; val rd_enable: chisel3.Bool; val wr_enable: chisel3.Bool; val mask: chisel3.Vec[chisel3.Bool]}[0m
[0m[[0m[31merror[0m] [0m[0m        dmmod.io.dataIn(3) := 0.U[0m
[0m[[0m[31merror[0m] [0m[0m                 ^[0m
[0m[[0m[31merror[0m] [0m[0m/home/shehroz/Scala-Chisel-Learning-Journey/src/main/scala/pipelining/top.scala:106:18: value dataIn is not a member of chisel3.Bundle{val out: chisel3.Vec[chisel3.UInt]; val addr: chisel3.UInt; val rd_enable: chisel3.Bool; val wr_enable: chisel3.Bool; val mask: chisel3.Vec[chisel3.Bool]}[0m
[0m[[0m[31merror[0m] [0m[0m        dmmod.io.dataIn(0) := 0.U[0m
[0m[[0m[31merror[0m] [0m[0m                 ^[0m
[0m[[0m[31merror[0m] [0m[0m/home/shehroz/Scala-Chisel-Learning-Journey/src/main/scala/pipelining/top.scala:107:18: value dataIn is not a member of chisel3.Bundle{val out: chisel3.Vec[chisel3.UInt]; val addr: chisel3.UInt; val rd_enable: chisel3.Bool; val wr_enable: chisel3.Bool; val mask: chisel3.Vec[chisel3.Bool]}[0m
[0m[[0m[31merror[0m] [0m[0m        dmmod.io.dataIn(1) := 0.U[0m
[0m[[0m[31merror[0m] [0m[0m                 ^[0m
[0m[[0m[31merror[0m] [0m[0m/home/shehroz/Scala-Chisel-Learning-Journey/src/main/scala/pipelining/top.scala:108:18: value dataIn is not a member of chisel3.Bundle{val out: chisel3.Vec[chisel3.UInt]; val addr: chisel3.UInt; val rd_enable: chisel3.Bool; val wr_enable: chisel3.Bool; val mask: chisel3.Vec[chisel3.Bool]}[0m
[0m[[0m[31merror[0m] [0m[0m        dmmod.io.dataIn(2) := regfmod.io.rdata2(7,0)[0m
[0m[[0m[31merror[0m] [0m[0m                 ^[0m
[0m[[0m[31merror[0m] [0m[0m/home/shehroz/Scala-Chisel-Learning-Journey/src/main/scala/pipelining/top.scala:109:18: value dataIn is not a member of chisel3.Bundle{val out: chisel3.Vec[chisel3.UInt]; val addr: chisel3.UInt; val rd_enable: chisel3.Bool; val wr_enable: chisel3.Bool; val mask: chisel3.Vec[chisel3.Bool]}[0m
[0m[[0m[31merror[0m] [0m[0m        dmmod.io.dataIn(3) := 0.U[0m
[0m[[0m[31merror[0m] [0m[0m                 ^[0m
[0m[[0m[31merror[0m] [0m[0m/home/shehroz/Scala-Chisel-Learning-Journey/src/main/scala/pipelining/top.scala:119:18: value dataIn is not a member of chisel3.Bundle{val out: chisel3.Vec[chisel3.UInt]; val addr: chisel3.UInt; val rd_enable: chisel3.Bool; val wr_enable: chisel3.Bool; val mask: chisel3.Vec[chisel3.Bool]}[0m
[0m[[0m[31merror[0m] [0m[0m        dmmod.io.dataIn(0) := 0.U[0m
[0m[[0m[31merror[0m] [0m[0m                 ^[0m
[0m[[0m[31merror[0m] [0m[0m/home/shehroz/Scala-Chisel-Learning-Journey/src/main/scala/pipelining/top.scala:120:18: value dataIn is not a member of chisel3.Bundle{val out: chisel3.Vec[chisel3.UInt]; val addr: chisel3.UInt; val rd_enable: chisel3.Bool; val wr_enable: chisel3.Bool; val mask: chisel3.Vec[chisel3.Bool]}[0m
[0m[[0m[31merror[0m] [0m[0m        dmmod.io.dataIn(1) := 0.U[0m
[0m[[0m[31merror[0m] [0m[0m                 ^[0m
[0m[[0m[31merror[0m] [0m[0m/home/shehroz/Scala-Chisel-Learning-Journey/src/main/scala/pipelining/top.scala:121:18: value dataIn is not a member of chisel3.Bundle{val out: chisel3.Vec[chisel3.UInt]; val addr: chisel3.UInt; val rd_enable: chisel3.Bool; val wr_enable: chisel3.Bool; val mask: chisel3.Vec[chisel3.Bool]}[0m
[0m[[0m[31merror[0m] [0m[0m        dmmod.io.dataIn(2) := 0.U[0m
[0m[[0m[31merror[0m] [0m[0m                 ^[0m
[0m[[0m[31merror[0m] [0m[0m/home/shehroz/Scala-Chisel-Learning-Journey/src/main/scala/pipelining/top.scala:122:18: value dataIn is not a member of chisel3.Bundle{val out: chisel3.Vec[chisel3.UInt]; val addr: chisel3.UInt; val rd_enable: chisel3.Bool; val wr_enable: chisel3.Bool; val mask: chisel3.Vec[chisel3.Bool]}[0m
[0m[[0m[31merror[0m] [0m[0m        dmmod.io.dataIn(3) := regfmod.io.rdata2(7,0)[0m
[0m[[0m[31merror[0m] [0m[0m                 ^[0m
[0m[[0m[31merror[0m] [0m[0m/home/shehroz/Scala-Chisel-Learning-Journey/src/main/scala/pipelining/top.scala:136:18: value dataIn is not a member of chisel3.Bundle{val out: chisel3.Vec[chisel3.UInt]; val addr: chisel3.UInt; val rd_enable: chisel3.Bool; val wr_enable: chisel3.Bool; val mask: chisel3.Vec[chisel3.Bool]}[0m
[0m[[0m[31merror[0m] [0m[0m        dmmod.io.dataIn(0) := regfmod.io.rdata2(7,0)[0m
[0m[[0m[31merror[0m] [0m[0m                 ^[0m
[0m[[0m[31merror[0m] [0m[0m/home/shehroz/Scala-Chisel-Learning-Journey/src/main/scala/pipelining/top.scala:137:18: value dataIn is not a member of chisel3.Bundle{val out: chisel3.Vec[chisel3.UInt]; val addr: chisel3.UInt; val rd_enable: chisel3.Bool; val wr_enable: chisel3.Bool; val mask: chisel3.Vec[chisel3.Bool]}[0m
[0m[[0m[31merror[0m] [0m[0m        dmmod.io.dataIn(1) := regfmod.io.rdata2(15,8)[0m
[0m[[0m[31merror[0m] [0m[0m                 ^[0m
[0m[[0m[31merror[0m] [0m[0m/home/shehroz/Scala-Chisel-Learning-Journey/src/main/scala/pipelining/top.scala:138:18: value dataIn is not a member of chisel3.Bundle{val out: chisel3.Vec[chisel3.UInt]; val addr: chisel3.UInt; val rd_enable: chisel3.Bool; val wr_enable: chisel3.Bool; val mask: chisel3.Vec[chisel3.Bool]}[0m
[0m[[0m[31merror[0m] [0m[0m        dmmod.io.dataIn(2) := 0.U[0m
[0m[[0m[31merror[0m] [0m[0m                 ^[0m
[0m[[0m[31merror[0m] [0m[0m/home/shehroz/Scala-Chisel-Learning-Journey/src/main/scala/pipelining/top.scala:139:18: value dataIn is not a member of chisel3.Bundle{val out: chisel3.Vec[chisel3.UInt]; val addr: chisel3.UInt; val rd_enable: chisel3.Bool; val wr_enable: chisel3.Bool; val mask: chisel3.Vec[chisel3.Bool]}[0m
[0m[[0m[31merror[0m] [0m[0m        dmmod.io.dataIn(3) := 0.U[0m
[0m[[0m[31merror[0m] [0m[0m                 ^[0m
[0m[[0m[31merror[0m] [0m[0m/home/shehroz/Scala-Chisel-Learning-Journey/src/main/scala/pipelining/top.scala:151:18: value dataIn is not a member of chisel3.Bundle{val out: chisel3.Vec[chisel3.UInt]; val addr: chisel3.UInt; val rd_enable: chisel3.Bool; val wr_enable: chisel3.Bool; val mask: chisel3.Vec[chisel3.Bool]}[0m
[0m[[0m[31merror[0m] [0m[0m        dmmod.io.dataIn(0) := 0.U[0m
[0m[[0m[31merror[0m] [0m[0m                 ^[0m
[0m[[0m[31merror[0m] [0m[0m/home/shehroz/Scala-Chisel-Learning-Journey/src/main/scala/pipelining/top.scala:152:18: value dataIn is not a member of chisel3.Bundle{val out: chisel3.Vec[chisel3.UInt]; val addr: chisel3.UInt; val rd_enable: chisel3.Bool; val wr_enable: chisel3.Bool; val mask: chisel3.Vec[chisel3.Bool]}[0m
[0m[[0m[31merror[0m] [0m[0m        dmmod.io.dataIn(1) := regfmod.io.rdata2(7,0)[0m
[0m[[0m[31merror[0m] [0m[0m                 ^[0m
[0m[[0m[31merror[0m] [0m[0m/home/shehroz/Scala-Chisel-Learning-Journey/src/main/scala/pipelining/top.scala:153:18: value dataIn is not a member of chisel3.Bundle{val out: chisel3.Vec[chisel3.UInt]; val addr: chisel3.UInt; val rd_enable: chisel3.Bool; val wr_enable: chisel3.Bool; val mask: chisel3.Vec[chisel3.Bool]}[0m
[0m[[0m[31merror[0m] [0m[0m        dmmod.io.dataIn(2) := regfmod.io.rdata2(15,8)[0m
[0m[[0m[31merror[0m] [0m[0m                 ^[0m
[0m[[0m[31merror[0m] [0m[0m/home/shehroz/Scala-Chisel-Learning-Journey/src/main/scala/pipelining/top.scala:154:18: value dataIn is not a member of chisel3.Bundle{val out: chisel3.Vec[chisel3.UInt]; val addr: chisel3.UInt; val rd_enable: chisel3.Bool; val wr_enable: chisel3.Bool; val mask: chisel3.Vec[chisel3.Bool]}[0m
[0m[[0m[31merror[0m] [0m[0m        dmmod.io.dataIn(3) := 0.U[0m
[0m[[0m[31merror[0m] [0m[0m                 ^[0m
[0m[[0m[31merror[0m] [0m[0m/home/shehroz/Scala-Chisel-Learning-Journey/src/main/scala/pipelining/top.scala:165:18: value dataIn is not a member of chisel3.Bundle{val out: chisel3.Vec[chisel3.UInt]; val addr: chisel3.UInt; val rd_enable: chisel3.Bool; val wr_enable: chisel3.Bool; val mask: chisel3.Vec[chisel3.Bool]}[0m
[0m[[0m[31merror[0m] [0m[0m        dmmod.io.dataIn(0) := 0.U[0m
[0m[[0m[31merror[0m] [0m[0m                 ^[0m
[0m[[0m[31merror[0m] [0m[0m/home/shehroz/Scala-Chisel-Learning-Journey/src/main/scala/pipelining/top.scala:166:18: value dataIn is not a member of chisel3.Bundle{val out: chisel3.Vec[chisel3.UInt]; val addr: chisel3.UInt; val rd_enable: chisel3.Bool; val wr_enable: chisel3.Bool; val mask: chisel3.Vec[chisel3.Bool]}[0m
[0m[[0m[31merror[0m] [0m[0m        dmmod.io.dataIn(1) := 0.U[0m
[0m[[0m[31merror[0m] [0m[0m                 ^[0m
[0m[[0m[31merror[0m] [0m[0m/home/shehroz/Scala-Chisel-Learning-Journey/src/main/scala/pipelining/top.scala:167:18: value dataIn is not a member of chisel3.Bundle{val out: chisel3.Vec[chisel3.UInt]; val addr: chisel3.UInt; val rd_enable: chisel3.Bool; val wr_enable: chisel3.Bool; val mask: chisel3.Vec[chisel3.Bool]}[0m
[0m[[0m[31merror[0m] [0m[0m        dmmod.io.dataIn(2) := regfmod.io.rdata2(7,0)[0m
[0m[[0m[31merror[0m] [0m[0m                 ^[0m
[0m[[0m[31merror[0m] [0m[0m/home/shehroz/Scala-Chisel-Learning-Journey/src/main/scala/pipelining/top.scala:168:18: value dataIn is not a member of chisel3.Bundle{val out: chisel3.Vec[chisel3.UInt]; val addr: chisel3.UInt; val rd_enable: chisel3.Bool; val wr_enable: chisel3.Bool; val mask: chisel3.Vec[chisel3.Bool]}[0m
[0m[[0m[31merror[0m] [0m[0m        dmmod.io.dataIn(3) := regfmod.io.rdata2(15,8)[0m
[0m[[0m[31merror[0m] [0m[0m                 ^[0m
[0m[[0m[31merror[0m] [0m[0m/home/shehroz/Scala-Chisel-Learning-Journey/src/main/scala/pipelining/top.scala:179:18: value dataIn is not a member of chisel3.Bundle{val out: chisel3.Vec[chisel3.UInt]; val addr: chisel3.UInt; val rd_enable: chisel3.Bool; val wr_enable: chisel3.Bool; val mask: chisel3.Vec[chisel3.Bool]}[0m
[0m[[0m[31merror[0m] [0m[0m        dmmod.io.dataIn(0) := regfmod.io.rdata2(15,8)[0m
[0m[[0m[31merror[0m] [0m[0m                 ^[0m
[0m[[0m[31merror[0m] [0m[0m/home/shehroz/Scala-Chisel-Learning-Journey/src/main/scala/pipelining/top.scala:180:18: value dataIn is not a member of chisel3.Bundle{val out: chisel3.Vec[chisel3.UInt]; val addr: chisel3.UInt; val rd_enable: chisel3.Bool; val wr_enable: chisel3.Bool; val mask: chisel3.Vec[chisel3.Bool]}[0m
[0m[[0m[31merror[0m] [0m[0m        dmmod.io.dataIn(1) := 0.U[0m
[0m[[0m[31merror[0m] [0m[0m                 ^[0m
[0m[[0m[31merror[0m] [0m[0m/home/shehroz/Scala-Chisel-Learning-Journey/src/main/scala/pipelining/top.scala:181:18: value dataIn is not a member of chisel3.Bundle{val out: chisel3.Vec[chisel3.UInt]; val addr: chisel3.UInt; val rd_enable: chisel3.Bool; val wr_enable: chisel3.Bool; val mask: chisel3.Vec[chisel3.Bool]}[0m
[0m[[0m[31merror[0m] [0m[0m        dmmod.io.dataIn(2) := 0.U[0m
[0m[[0m[31merror[0m] [0m[0m                 ^[0m
[0m[[0m[31merror[0m] [0m[0m/home/shehroz/Scala-Chisel-Learning-Journey/src/main/scala/pipelining/top.scala:182:18: value dataIn is not a member of chisel3.Bundle{val out: chisel3.Vec[chisel3.UInt]; val addr: chisel3.UInt; val rd_enable: chisel3.Bool; val wr_enable: chisel3.Bool; val mask: chisel3.Vec[chisel3.Bool]}[0m
[0m[[0m[31merror[0m] [0m[0m        dmmod.io.dataIn(3) := regfmod.io.rdata2(7,0)[0m
[0m[[0m[31merror[0m] [0m[0m                 ^[0m
[0m[[0m[31merror[0m] [0m[0m/home/shehroz/Scala-Chisel-Learning-Journey/src/main/scala/pipelining/top.scala:195:18: value dataIn is not a member of chisel3.Bundle{val out: chisel3.Vec[chisel3.UInt]; val addr: chisel3.UInt; val rd_enable: chisel3.Bool; val wr_enable: chisel3.Bool; val mask: chisel3.Vec[chisel3.Bool]}[0m
[0m[[0m[31merror[0m] [0m[0m        dmmod.io.dataIn(0) := regfmod.io.rdata2(7,0)[0m
[0m[[0m[31merror[0m] [0m[0m                 ^[0m
[0m[[0m[31merror[0m] [0m[0m/home/shehroz/Scala-Chisel-Learning-Journey/src/main/scala/pipelining/top.scala:196:18: value dataIn is not a member of chisel3.Bundle{val out: chisel3.Vec[chisel3.UInt]; val addr: chisel3.UInt; val rd_enable: chisel3.Bool; val wr_enable: chisel3.Bool; val mask: chisel3.Vec[chisel3.Bool]}[0m
[0m[[0m[31merror[0m] [0m[0m        dmmod.io.dataIn(1) := regfmod.io.rdata2(15,8)[0m
[0m[[0m[31merror[0m] [0m[0m                 ^[0m
[0m[[0m[31merror[0m] [0m[0m/home/shehroz/Scala-Chisel-Learning-Journey/src/main/scala/pipelining/top.scala:197:18: value dataIn is not a member of chisel3.Bundle{val out: chisel3.Vec[chisel3.UInt]; val addr: chisel3.UInt; val rd_enable: chisel3.Bool; val wr_enable: chisel3.Bool; val mask: chisel3.Vec[chisel3.Bool]}[0m
[0m[[0m[31merror[0m] [0m[0m        dmmod.io.dataIn(2) := regfmod.io.rdata2(23,16)[0m
[0m[[0m[31merror[0m] [0m[0m                 ^[0m
[0m[[0m[31merror[0m] [0m[0m/home/shehroz/Scala-Chisel-Learning-Journey/src/main/scala/pipelining/top.scala:198:18: value dataIn is not a member of chisel3.Bundle{val out: chisel3.Vec[chisel3.UInt]; val addr: chisel3.UInt; val rd_enable: chisel3.Bool; val wr_enable: chisel3.Bool; val mask: chisel3.Vec[chisel3.Bool]}[0m
[0m[[0m[31merror[0m] [0m[0m        dmmod.io.dataIn(3) := regfmod.io.rdata2(31,24)[0m
[0m[[0m[31merror[0m] [0m[0m                 ^[0m
[0m[[0m[31merror[0m] [0m[0m/home/shehroz/Scala-Chisel-Learning-Journey/src/main/scala/singlecycle/top.scala:17:10: value dataIn is not a member of chisel3.Bundle{val out: chisel3.Vec[chisel3.UInt]; val addr: chisel3.UInt; val rd_enable: chisel3.Bool; val wr_enable: chisel3.Bool; val mask: chisel3.Vec[chisel3.Bool]}[0m
[0m[[0m[31merror[0m] [0m[0mdmmod.io.dataIn(0) := 0.U[0m
[0m[[0m[31merror[0m] [0m[0m         ^[0m
[0m[[0m[31merror[0m] [0m[0m/home/shehroz/Scala-Chisel-Learning-Journey/src/main/scala/singlecycle/top.scala:18:10: value dataIn is not a member of chisel3.Bundle{val out: chisel3.Vec[chisel3.UInt]; val addr: chisel3.UInt; val rd_enable: chisel3.Bool; val wr_enable: chisel3.Bool; val mask: chisel3.Vec[chisel3.Bool]}[0m
[0m[[0m[31merror[0m] [0m[0mdmmod.io.dataIn(1) := 0.U[0m
[0m[[0m[31merror[0m] [0m[0m         ^[0m
[0m[[0m[31merror[0m] [0m[0m/home/shehroz/Scala-Chisel-Learning-Journey/src/main/scala/singlecycle/top.scala:19:10: value dataIn is not a member of chisel3.Bundle{val out: chisel3.Vec[chisel3.UInt]; val addr: chisel3.UInt; val rd_enable: chisel3.Bool; val wr_enable: chisel3.Bool; val mask: chisel3.Vec[chisel3.Bool]}[0m
[0m[[0m[31merror[0m] [0m[0mdmmod.io.dataIn(2) := 0.U[0m
[0m[[0m[31merror[0m] [0m[0m         ^[0m
[0m[[0m[31merror[0m] [0m[0m/home/shehroz/Scala-Chisel-Learning-Journey/src/main/scala/singlecycle/top.scala:20:10: value dataIn is not a member of chisel3.Bundle{val out: chisel3.Vec[chisel3.UInt]; val addr: chisel3.UInt; val rd_enable: chisel3.Bool; val wr_enable: chisel3.Bool; val mask: chisel3.Vec[chisel3.Bool]}[0m
[0m[[0m[31merror[0m] [0m[0mdmmod.io.dataIn(3) := 0.U[0m
[0m[[0m[31merror[0m] [0m[0m         ^[0m
[0m[[0m[31merror[0m] [0m[0m/home/shehroz/Scala-Chisel-Learning-Journey/src/main/scala/singlecycle/top.scala:80:18: value dataIn is not a member of chisel3.Bundle{val out: chisel3.Vec[chisel3.UInt]; val addr: chisel3.UInt; val rd_enable: chisel3.Bool; val wr_enable: chisel3.Bool; val mask: chisel3.Vec[chisel3.Bool]}[0m
[0m[[0m[31merror[0m] [0m[0m        dmmod.io.dataIn(0) := regfmod.io.rdata2(7,0)[0m
[0m[[0m[31merror[0m] [0m[0m                 ^[0m
[0m[[0m[31merror[0m] [0m[0m/home/shehroz/Scala-Chisel-Learning-Journey/src/main/scala/singlecycle/top.scala:94:18: value dataIn is not a member of chisel3.Bundle{val out: chisel3.Vec[chisel3.UInt]; val addr: chisel3.UInt; val rd_enable: chisel3.Bool; val wr_enable: chisel3.Bool; val mask: chisel3.Vec[chisel3.Bool]}[0m
[0m[[0m[31merror[0m] [0m[0m        dmmod.io.dataIn(1) := regfmod.io.rdata2(7,0)[0m
[0m[[0m[31merror[0m] [0m[0m                 ^[0m
[0m[[0m[31merror[0m] [0m[0m/home/shehroz/Scala-Chisel-Learning-Journey/src/main/scala/singlecycle/top.scala:108:18: value dataIn is not a member of chisel3.Bundle{val out: chisel3.Vec[chisel3.UInt]; val addr: chisel3.UInt; val rd_enable: chisel3.Bool; val wr_enable: chisel3.Bool; val mask: chisel3.Vec[chisel3.Bool]}[0m
[0m[[0m[31merror[0m] [0m[0m        dmmod.io.dataIn(2) := regfmod.io.rdata2(7,0)[0m
[0m[[0m[31merror[0m] [0m[0m                 ^[0m
[0m[[0m[31merror[0m] [0m[0m/home/shehroz/Scala-Chisel-Learning-Journey/src/main/scala/singlecycle/top.scala:122:18: value dataIn is not a member of chisel3.Bundle{val out: chisel3.Vec[chisel3.UInt]; val addr: chisel3.UInt; val rd_enable: chisel3.Bool; val wr_enable: chisel3.Bool; val mask: chisel3.Vec[chisel3.Bool]}[0m
[0m[[0m[31merror[0m] [0m[0m        dmmod.io.dataIn(3) := regfmod.io.rdata2(7,0)[0m
[0m[[0m[31merror[0m] [0m[0m                 ^[0m
[0m[[0m[31merror[0m] [0m[0m/home/shehroz/Scala-Chisel-Learning-Journey/src/main/scala/singlecycle/top.scala:136:18: value dataIn is not a member of chisel3.Bundle{val out: chisel3.Vec[chisel3.UInt]; val addr: chisel3.UInt; val rd_enable: chisel3.Bool; val wr_enable: chisel3.Bool; val mask: chisel3.Vec[chisel3.Bool]}[0m
[0m[[0m[31merror[0m] [0m[0m        dmmod.io.dataIn(0) := regfmod.io.rdata2(7,0)[0m
[0m[[0m[31merror[0m] [0m[0m                 ^[0m
[0m[[0m[31merror[0m] [0m[0m/home/shehroz/Scala-Chisel-Learning-Journey/src/main/scala/singlecycle/top.scala:137:18: value dataIn is not a member of chisel3.Bundle{val out: chisel3.Vec[chisel3.UInt]; val addr: chisel3.UInt; val rd_enable: chisel3.Bool; val wr_enable: chisel3.Bool; val mask: chisel3.Vec[chisel3.Bool]}[0m
[0m[[0m[31merror[0m] [0m[0m        dmmod.io.dataIn(1) := regfmod.io.rdata2(15,8)[0m
[0m[[0m[31merror[0m] [0m[0m                 ^[0m
[0m[[0m[31merror[0m] [0m[0m/home/shehroz/Scala-Chisel-Learning-Journey/src/main/scala/singlecycle/top.scala:152:18: value dataIn is not a member of chisel3.Bundle{val out: chisel3.Vec[chisel3.UInt]; val addr: chisel3.UInt; val rd_enable: chisel3.Bool; val wr_enable: chisel3.Bool; val mask: chisel3.Vec[chisel3.Bool]}[0m
[0m[[0m[31merror[0m] [0m[0m        dmmod.io.dataIn(1) := regfmod.io.rdata2(7,0)[0m
[0m[[0m[31merror[0m] [0m[0m                 ^[0m
[0m[[0m[31merror[0m] [0m[0m/home/shehroz/Scala-Chisel-Learning-Journey/src/main/scala/singlecycle/top.scala:153:18: value dataIn is not a member of chisel3.Bundle{val out: chisel3.Vec[chisel3.UInt]; val addr: chisel3.UInt; val rd_enable: chisel3.Bool; val wr_enable: chisel3.Bool; val mask: chisel3.Vec[chisel3.Bool]}[0m
[0m[[0m[31merror[0m] [0m[0m        dmmod.io.dataIn(2) := regfmod.io.rdata2(15,8)[0m
[0m[[0m[31merror[0m] [0m[0m                 ^[0m
[0m[[0m[31merror[0m] [0m[0m/home/shehroz/Scala-Chisel-Learning-Journey/src/main/scala/singlecycle/top.scala:167:18: value dataIn is not a member of chisel3.Bundle{val out: chisel3.Vec[chisel3.UInt]; val addr: chisel3.UInt; val rd_enable: chisel3.Bool; val wr_enable: chisel3.Bool; val mask: chisel3.Vec[chisel3.Bool]}[0m
[0m[[0m[31merror[0m] [0m[0m        dmmod.io.dataIn(2) := regfmod.io.rdata2(7,0)[0m
[0m[[0m[31merror[0m] [0m[0m                 ^[0m
[0m[[0m[31merror[0m] [0m[0m/home/shehroz/Scala-Chisel-Learning-Journey/src/main/scala/singlecycle/top.scala:168:18: value dataIn is not a member of chisel3.Bundle{val out: chisel3.Vec[chisel3.UInt]; val addr: chisel3.UInt; val rd_enable: chisel3.Bool; val wr_enable: chisel3.Bool; val mask: chisel3.Vec[chisel3.Bool]}[0m
[0m[[0m[31merror[0m] [0m[0m        dmmod.io.dataIn(3) := regfmod.io.rdata2(15,8)[0m
[0m[[0m[31merror[0m] [0m[0m                 ^[0m
[0m[[0m[31merror[0m] [0m[0m/home/shehroz/Scala-Chisel-Learning-Journey/src/main/scala/singlecycle/top.scala:179:18: value dataIn is not a member of chisel3.Bundle{val out: chisel3.Vec[chisel3.UInt]; val addr: chisel3.UInt; val rd_enable: chisel3.Bool; val wr_enable: chisel3.Bool; val mask: chisel3.Vec[chisel3.Bool]}[0m
[0m[[0m[31merror[0m] [0m[0m        dmmod.io.dataIn(0) := regfmod.io.rdata2(15,8)[0m
[0m[[0m[31merror[0m] [0m[0m                 ^[0m
[0m[[0m[31merror[0m] [0m[0m/home/shehroz/Scala-Chisel-Learning-Journey/src/main/scala/singlecycle/top.scala:182:18: value dataIn is not a member of chisel3.Bundle{val out: chisel3.Vec[chisel3.UInt]; val addr: chisel3.UInt; val rd_enable: chisel3.Bool; val wr_enable: chisel3.Bool; val mask: chisel3.Vec[chisel3.Bool]}[0m
[0m[[0m[31merror[0m] [0m[0m        dmmod.io.dataIn(3) := regfmod.io.rdata2(7,0)[0m
[0m[[0m[31merror[0m] [0m[0m                 ^[0m
[0m[[0m[31merror[0m] [0m[0m/home/shehroz/Scala-Chisel-Learning-Journey/src/main/scala/singlecycle/top.scala:195:18: value dataIn is not a member of chisel3.Bundle{val out: chisel3.Vec[chisel3.UInt]; val addr: chisel3.UInt; val rd_enable: chisel3.Bool; val wr_enable: chisel3.Bool; val mask: chisel3.Vec[chisel3.Bool]}[0m
[0m[[0m[31merror[0m] [0m[0m        dmmod.io.dataIn(0) := regfmod.io.rdata2(7,0)[0m
[0m[[0m[31merror[0m] [0m[0m                 ^[0m
[0m[[0m[31merror[0m] [0m[0m/home/shehroz/Scala-Chisel-Learning-Journey/src/main/scala/singlecycle/top.scala:196:18: value dataIn is not a member of chisel3.Bundle{val out: chisel3.Vec[chisel3.UInt]; val addr: chisel3.UInt; val rd_enable: chisel3.Bool; val wr_enable: chisel3.Bool; val mask: chisel3.Vec[chisel3.Bool]}[0m
[0m[[0m[31merror[0m] [0m[0m        dmmod.io.dataIn(1) := regfmod.io.rdata2(15,8)[0m
[0m[[0m[31merror[0m] [0m[0m                 ^[0m
[0m[[0m[31merror[0m] [0m[0m/home/shehroz/Scala-Chisel-Learning-Journey/src/main/scala/singlecycle/top.scala:197:18: value dataIn is not a member of chisel3.Bundle{val out: chisel3.Vec[chisel3.UInt]; val addr: chisel3.UInt; val rd_enable: chisel3.Bool; val wr_enable: chisel3.Bool; val mask: chisel3.Vec[chisel3.Bool]}[0m
[0m[[0m[31merror[0m] [0m[0m        dmmod.io.dataIn(2) := regfmod.io.rdata2(23,16)[0m
[0m[[0m[31merror[0m] [0m[0m                 ^[0m
[0m[[0m[31merror[0m] [0m[0m/home/shehroz/Scala-Chisel-Learning-Journey/src/main/scala/singlecycle/top.scala:198:18: value dataIn is not a member of chisel3.Bundle{val out: chisel3.Vec[chisel3.UInt]; val addr: chisel3.UInt; val rd_enable: chisel3.Bool; val wr_enable: chisel3.Bool; val mask: chisel3.Vec[chisel3.Bool]}[0m
[0m[[0m[31merror[0m] [0m[0m        dmmod.io.dataIn(3) := regfmod.io.rdata2(31,24)[0m
[0m[[0m[31merror[0m] [0m[0m                 ^[0m
[0m[[0m[31merror[0m] [0m[0m60 errors found[0m
[0m[[0m[31merror[0m] [0m[0m(Compile / [31mcompileIncremental[0m) Compilation failed[0m
[0m[[0m[31merror[0m] [0m[0mTotal time: 4 s, completed Dec 1, 2023, 11:44:17 AM[0m
[0m[[0m[0mdebug[0m] [0m[0m> Exec(shell, None, None)[0m
[0m[[0m[0minfo[0m] [0m[0mshutting down sbt server[0m
