[0m[[0m[0mdebug[0m] [0m[0m> Exec(testOnly pipeline.toptest -- -DwriteVcd=1, Some(bc87187e-c7a3-4bc0-a186-13bcacbefd99), Some(CommandSource(console0)))[0m
[0m[[0m[0mdebug[0m] [0m[0mEvaluating tasks: Test / testOnly[0m
[0m[[0m[0mdebug[0m] [0m[0mRunning task... Cancel: Signal, check cycles: false, forcegc: true[0m
[0m[[0m[0minfo[0m] [0m[0mcompiling 1 Scala source to /home/shehroz/5 stage pipielining processor/target/scala-2.12/classes ...[0m
[0m[[0m[0minfo[0m] [0m[0m[32mtoptest:[0m[0m
[0m[[0m[0minfo[0m] [0m[0m[31m- Chisel Tester File toptest *** FAILED ***[0m[0m
[0m[[0m[0minfo[0m] [0m[0m[31m  chisel3.internal.ChiselException: Connection between sink (UInt<8>[4](IO io_dataIn in mem)) and source (UInt<8>[4](Wire in topcore)) failed @(0): Sink is unwriteable by current module.[0m[0m
[0m[[0m[0minfo[0m] [0m[0m[31m  at ... ()[0m[0m
[0m[[0m[0minfo[0m] [0m[0m[31m  at pipeline.topcore.<init>(topcore.scala:117)[0m[0m
[0m[[0m[0minfo[0m] [0m[0m[31m  at pipeline.toptest.$anonfun$new$2(toptest.scala:8)[0m[0m
[0m[[0m[0minfo[0m] [0m[0m[31m  at ... ()[0m[0m
[0m[[0m[0minfo[0m] [0m[0m[31m  at ... (Stack trace trimmed to user code only. Rerun with --full-stacktrace to see the full stack trace)[0m[0m
[0m[[0m[0minfo[0m] [0m[0m[31m  ...[0m[0m
[0m[[0m[0minfo[0m] [0m[0m[36mRun completed in 1 second, 185 milliseconds.[0m[0m
[0m[[0m[0minfo[0m] [0m[0m[36mTotal number of tests run: 1[0m[0m
[0m[[0m[0minfo[0m] [0m[0m[36mSuites: completed 1, aborted 0[0m[0m
[0m[[0m[0minfo[0m] [0m[0m[36mTests: succeeded 0, failed 1, canceled 0, ignored 0, pending 0[0m[0m
[0m[[0m[0minfo[0m] [0m[0m[31m*** 1 TEST FAILED ***[0m[0m
[0m[[0m[31merror[0m] [0m[0mFailed tests:[0m
[0m[[0m[31merror[0m] [0m[0m	pipeline.toptest[0m
[0m[[0m[31merror[0m] [0m[0m(Test / [31mtestOnly[0m) sbt.TestsFailedException: Tests unsuccessful[0m
[0m[[0m[31merror[0m] [0m[0mTotal time: 3 s, completed Dec 20, 2023, 12:15:40 AM[0m
[0m[[0m[0mdebug[0m] [0m[0m> Exec(shell, None, None)[0m
