2023.12.01 13:04:21 INFO  Started: Metals version 1.1.0 in folders '/home/shehroz/5 stage pipielining processor' for client Visual Studio Code 1.84.2.
2023.12.01 13:04:22 ERROR Unexpected error initializing server: 
scala.concurrent.Future$$anon$2: Future.filter predicate is not satisfied

2023.12.01 13:10:32 INFO  no build target found for /home/shehroz/5 stage pipielining processor/src/test/scala/pipeline_test/toptest.scala. Using presentation compiler with project's scala-library version: 3.3.1
2023.12.01 13:10:32 WARN  no build target for: /home/shehroz/5 stage pipielining processor/src/test/scala/pipeline_test/toptest.scala
Dec 01, 2023 1:10:33 PM org.eclipse.lsp4j.jsonrpc.RemoteEndpoint handleCancellation
WARNING: Unmatched cancel notification for request id 19
Dec 01, 2023 1:10:33 PM org.eclipse.lsp4j.jsonrpc.RemoteEndpoint handleCancellation
WARNING: Unmatched cancel notification for request id 22
Dec 01, 2023 1:10:33 PM org.eclipse.lsp4j.jsonrpc.RemoteEndpoint handleCancellation
WARNING: Unmatched cancel notification for request id 23
2023.12.01 13:10:34 WARN  no build target for: /home/shehroz/5 stage pipielining processor/src/test/scala/pipeline_test/toptest.scala
Dec 01, 2023 1:10:59 PM org.eclipse.lsp4j.jsonrpc.services.GenericEndpoint notify
INFO: Unsupported notification method: $/setTrace
Dec 01, 2023 1:11:07 PM org.eclipse.lsp4j.jsonrpc.services.GenericEndpoint notify
INFO: Unsupported notification method: $/setTrace
Dec 01, 2023 1:11:23 PM org.eclipse.lsp4j.jsonrpc.services.GenericEndpoint notify
INFO: Unsupported notification method: $/setTrace
Dec 01, 2023 1:11:56 PM org.eclipse.lsp4j.jsonrpc.services.GenericEndpoint notify
INFO: Unsupported notification method: $/setTrace
2023.12.01 13:12:12 WARN  no build target for: /home/shehroz/5 stage pipielining processor/src/main/scala/pipeline/alu.scala
2023.12.01 13:12:18 WARN  no build target for: /home/shehroz/5 stage pipielining processor/src/main/scala/pipeline/controlunit.scala
2023.12.01 13:12:26 WARN  no build target for: /home/shehroz/5 stage pipielining processor/src/main/scala/pipeline/datamemory.scala
2023.12.01 13:12:32 WARN  no build target for: /home/shehroz/5 stage pipielining processor/src/main/scala/pipeline/Imem.scala
2023.12.01 13:12:37 WARN  no build target for: /home/shehroz/5 stage pipielining processor/src/main/scala/pipeline/immgenr.scala
2023.12.01 13:12:47 WARN  no build target for: /home/shehroz/5 stage pipielining processor/src/main/scala/pipeline/pc.scala
2023.12.01 13:12:53 WARN  no build target for: /home/shehroz/5 stage pipielining processor/src/main/scala/pipeline/registerfile.scala
2023.12.01 13:12:59 WARN  no build target for: /home/shehroz/5 stage pipielining processor/src/main/scala/pipeline/top.scala
Dec 01, 2023 1:15:44 PM org.eclipse.lsp4j.jsonrpc.RemoteEndpoint handleCancellation
WARNING: Unmatched cancel notification for request id 314
2023.12.01 13:19:31 WARN  no build target for: /home/shehroz/5 stage pipielining processor/src/test/scala/pipeline_test/toptest.scala
2023.12.01 13:20:22 WARN  no build target for: /home/shehroz/5 stage pipielining processor/src/test/scala/pipeline_test/toptest.scala
2023.12.01 13:20:24 WARN  no build target for: /home/shehroz/5 stage pipielining processor/src/test/scala/pipeline_test/toptest.scala
2023.12.01 14:13:43 WARN  no build target for: /home/shehroz/5 stage pipielining processor/src/test/scala/pipeline/toptest.scala
Dec 01, 2023 2:16:06 PM org.eclipse.lsp4j.jsonrpc.RemoteEndpoint handleCancellation
WARNING: Unmatched cancel notification for request id 423
2023.12.01 14:35:23 WARN  no build target for: /home/shehroz/5 stage pipielining processor/src/test/scala/pipeline/toptest.scala
2023.12.01 14:36:57 WARN  no build target for: /home/shehroz/5 stage pipielining processor/src/test/scala/pipeline/toptest.scala
2023.12.01 14:44:04 WARN  no build target for: /home/shehroz/5 stage pipielining processor/src/main/scala/pipeline/topcore.scala
2023.12.01 14:44:20 WARN  no build target for: /home/shehroz/5 stage pipielining processor/src/main/scala/pipeline/topcore.scala
2023.12.01 14:44:34 WARN  no build target for: /home/shehroz/5 stage pipielining processor/src/main/scala/pipeline/topcore.scala
2023.12.01 14:44:35 WARN  no build target for: /home/shehroz/5 stage pipielining processor/src/main/scala/pipeline/topcore.scala
2023.12.01 14:45:56 WARN  no build target for: /home/shehroz/5 stage pipielining processor/src/main/scala/pipeline/topcore.scala
2023.12.01 14:46:03 WARN  no build target for: /home/shehroz/5 stage pipielining processor/src/main/scala/pipeline/topcore.scala
2023.12.01 14:46:06 WARN  no build target for: /home/shehroz/5 stage pipielining processor/src/main/scala/pipeline/topcore.scala
2023.12.01 14:46:11 WARN  no build target for: /home/shehroz/5 stage pipielining processor/src/main/scala/pipeline/topcore.scala
Dec 01, 2023 2:46:30 PM org.eclipse.lsp4j.jsonrpc.services.GenericEndpoint notify
INFO: Unsupported notification method: $/setTrace
Dec 01, 2023 2:46:46 PM org.eclipse.lsp4j.jsonrpc.services.GenericEndpoint notify
INFO: Unsupported notification method: $/setTrace
2023.12.01 14:47:48 WARN  no build target for: /home/shehroz/5 stage pipielining processor/src/main/scala/pipeline/topcore.scala
2023.12.01 14:50:02 WARN  no build target for: /home/shehroz/5 stage pipielining processor/src/main/scala/pipeline/topcore.scala
2023.12.01 14:50:10 WARN  no build target for: /home/shehroz/5 stage pipielining processor/src/main/scala/pipeline/topcore.scala
2023.12.01 14:50:11 WARN  no build target for: /home/shehroz/5 stage pipielining processor/src/main/scala/pipeline/topcore.scala
2023.12.01 14:50:14 WARN  no build target for: /home/shehroz/5 stage pipielining processor/src/main/scala/pipeline/topcore.scala
2023.12.01 14:50:16 WARN  no build target for: /home/shehroz/5 stage pipielining processor/src/main/scala/pipeline/topcore.scala
2023.12.01 14:50:19 WARN  no build target for: /home/shehroz/5 stage pipielining processor/src/main/scala/pipeline/topcore.scala
2023.12.01 14:50:45 WARN  no build target for: /home/shehroz/5 stage pipielining processor/src/main/scala/pipeline/topcore.scala
2023.12.01 14:50:54 WARN  no build target for: /home/shehroz/5 stage pipielining processor/src/main/scala/pipeline/topcore.scala
2023.12.01 14:51:39 WARN  no build target for: /home/shehroz/5 stage pipielining processor/src/main/scala/pipeline/top.scala
Dec 01, 2023 2:52:13 PM org.eclipse.lsp4j.jsonrpc.RemoteEndpoint handleCancellation
WARNING: Unmatched cancel notification for request id 988
2023.12.01 14:52:15 WARN  no build target for: /home/shehroz/5 stage pipielining processor/src/main/scala/pipeline/topcore.scala
2023.12.01 14:52:18 WARN  no build target for: /home/shehroz/5 stage pipielining processor/src/main/scala/pipeline/topcore.scala
Dec 01, 2023 2:52:35 PM org.eclipse.lsp4j.jsonrpc.services.GenericEndpoint notify
INFO: Unsupported notification method: $/setTrace
Dec 01, 2023 2:53:27 PM org.eclipse.lsp4j.jsonrpc.services.GenericEndpoint notify
INFO: Unsupported notification method: $/setTrace
Dec 01, 2023 2:53:47 PM org.eclipse.lsp4j.jsonrpc.RemoteEndpoint handleCancellation
WARNING: Unmatched cancel notification for request id 1035
2023.12.01 14:54:02 WARN  no build target for: /home/shehroz/5 stage pipielining processor/src/main/scala/pipeline/topcore.scala
2023.12.01 14:54:09 WARN  no build target for: /home/shehroz/5 stage pipielining processor/src/main/scala/pipeline/topcore.scala
2023.12.01 14:54:20 WARN  no build target for: /home/shehroz/5 stage pipielining processor/src/main/scala/pipeline/topcore.scala
2023.12.01 14:54:43 WARN  no build target for: /home/shehroz/5 stage pipielining processor/src/main/scala/pipeline/topcore.scala
2023.12.01 14:54:45 WARN  no build target for: /home/shehroz/5 stage pipielining processor/src/main/scala/pipeline/topcore.scala
2023.12.01 14:54:53 WARN  no build target for: /home/shehroz/5 stage pipielining processor/src/main/scala/pipeline/topcore.scala
Exception in thread "pool-3-thread-1" java.lang.InterruptedException
	at scala.meta.internal.metals.FutureCancelToken.checkCanceled(FutureCancelToken.scala:29)
	at scala.meta.internal.pc.CompilerAccess.onCompilerJobQueue$$anonfun$1(CompilerAccess.scala:230)
	at scala.meta.internal.pc.CompilerJobQueue$Job.run(CompilerJobQueue.scala:152)
	at java.base/java.util.concurrent.ThreadPoolExecutor.runWorker(ThreadPoolExecutor.java:1136)
	at java.base/java.util.concurrent.ThreadPoolExecutor$Worker.run(ThreadPoolExecutor.java:635)
	at java.base/java.lang.Thread.run(Thread.java:833)
Exception in thread "pool-3-thread-2" java.lang.InterruptedException
	at scala.meta.internal.metals.FutureCancelToken.checkCanceled(FutureCancelToken.scala:29)
	at scala.meta.internal.pc.CompilerAccess.onCompilerJobQueue$$anonfun$1(CompilerAccess.scala:230)
	at scala.meta.internal.pc.CompilerJobQueue$Job.run(CompilerJobQueue.scala:152)
	at java.base/java.util.concurrent.ThreadPoolExecutor.runWorker(ThreadPoolExecutor.java:1136)
	at java.base/java.util.concurrent.ThreadPoolExecutor$Worker.run(ThreadPoolExecutor.java:635)
	at java.base/java.lang.Thread.run(Thread.java:833)
2023.12.01 14:55:26 WARN  Using indexes to guess the definition of controlunit
2023.12.01 14:55:28 WARN  no build target for: /home/shehroz/5 stage pipielining processor/src/main/scala/pipeline/topcore.scala
2023.12.01 14:55:38 WARN  no build target for: /home/shehroz/5 stage pipielining processor/src/main/scala/pipeline/fetch.scala
2023.12.01 14:55:40 WARN  no build target for: /home/shehroz/5 stage pipielining processor/src/main/scala/pipeline/fetch.scala
2023.12.01 14:55:44 WARN  no build target for: /home/shehroz/5 stage pipielining processor/src/main/scala/pipeline/fetch.scala
Dec 01, 2023 2:55:51 PM org.eclipse.lsp4j.jsonrpc.RemoteEndpoint handleCancellation
WARNING: Unmatched cancel notification for request id 1233
2023.12.01 14:56:21 WARN  no build target for: /home/shehroz/5 stage pipielining processor/src/main/scala/pipeline/fetch.scala
2023.12.01 14:56:32 WARN  no build target for: /home/shehroz/5 stage pipielining processor/src/main/scala/pipeline/fetch.scala
2023.12.01 14:56:38 WARN  no build target for: /home/shehroz/5 stage pipielining processor/src/main/scala/pipeline/fetch.scala
2023.12.01 14:56:44 WARN  no build target for: /home/shehroz/5 stage pipielining processor/src/main/scala/pipeline/fetch.scala
2023.12.01 14:56:48 WARN  no build target for: /home/shehroz/5 stage pipielining processor/src/main/scala/pipeline/fetch.scala
Dec 01, 2023 2:57:37 PM org.eclipse.lsp4j.jsonrpc.RemoteEndpoint handleCancellation
WARNING: Unmatched cancel notification for request id 1291
Dec 01, 2023 2:57:50 PM org.eclipse.lsp4j.jsonrpc.RemoteEndpoint handleCancellation
WARNING: Unmatched cancel notification for request id 1300
2023.12.01 14:57:59 WARN  no build target for: /home/shehroz/5 stage pipielining processor/src/main/scala/pipeline/fetch.scala
2023.12.01 14:58:21 WARN  no build target for: /home/shehroz/5 stage pipielining processor/src/main/scala/pipeline/fetch.scala
2023.12.01 14:58:25 WARN  no build target for: /home/shehroz/5 stage pipielining processor/src/main/scala/pipeline/fetch.scala
2023.12.01 14:58:36 WARN  no build target for: /home/shehroz/5 stage pipielining processor/src/main/scala/pipeline/fetch.scala
2023.12.01 14:59:02 WARN  no build target for: /home/shehroz/5 stage pipielining processor/src/main/scala/pipeline/fetch.scala
2023.12.01 14:59:04 WARN  no build target for: /home/shehroz/5 stage pipielining processor/src/main/scala/pipeline/fetch.scala
2023.12.01 14:59:16 WARN  no build target for: /home/shehroz/5 stage pipielining processor/src/main/scala/pipeline/fetch.scala
2023.12.01 14:59:23 WARN  no build target for: /home/shehroz/5 stage pipielining processor/src/main/scala/pipeline/fetch.scala
2023.12.01 14:59:25 WARN  no build target for: /home/shehroz/5 stage pipielining processor/src/main/scala/pipeline/fetch.scala
2023.12.01 14:59:30 WARN  no build target for: /home/shehroz/5 stage pipielining processor/src/main/scala/pipeline/fetch.scala
2023.12.01 14:59:32 WARN  no build target for: /home/shehroz/5 stage pipielining processor/src/main/scala/pipeline/fetch.scala
2023.12.01 14:59:34 WARN  no build target for: /home/shehroz/5 stage pipielining processor/src/main/scala/pipeline/fetch.scala
2023.12.01 14:59:42 WARN  no build target for: /home/shehroz/5 stage pipielining processor/src/main/scala/pipeline/fetch.scala
2023.12.01 14:59:43 WARN  no build target for: /home/shehroz/5 stage pipielining processor/src/main/scala/pipeline/fetch.scala
2023.12.01 15:03:40 WARN  no build target for: /home/shehroz/5 stage pipielining processor/src/main/scala/pipeline/fetch.scala
2023.12.01 15:03:41 WARN  no build target for: /home/shehroz/5 stage pipielining processor/src/main/scala/pipeline/fetch.scala
2023.12.01 15:04:08 WARN  no build target for: /home/shehroz/5 stage pipielining processor/src/main/scala/pipeline/fetch.scala
2023.12.01 15:04:09 WARN  no build target for: /home/shehroz/5 stage pipielining processor/src/main/scala/pipeline/fetch.scala
2023.12.01 15:04:11 WARN  no build target for: /home/shehroz/5 stage pipielining processor/src/main/scala/pipeline/fetch.scala
2023.12.01 15:05:09 WARN  no build target for: /home/shehroz/5 stage pipielining processor/src/main/scala/pipeline/fetch.scala
2023.12.01 15:05:11 WARN  no build target for: /home/shehroz/5 stage pipielining processor/src/main/scala/pipeline/fetch.scala
2023.12.01 15:05:23 WARN  no build target for: /home/shehroz/5 stage pipielining processor/src/main/scala/pipeline/fetch.scala
2023.12.01 15:05:24 WARN  no build target for: /home/shehroz/5 stage pipielining processor/src/main/scala/pipeline/fetch.scala
2023.12.01 15:05:29 WARN  no build target for: /home/shehroz/5 stage pipielining processor/src/main/scala/pipeline/fetch.scala
2023.12.01 15:05:34 WARN  no build target for: /home/shehroz/5 stage pipielining processor/src/main/scala/pipeline/fetch.scala
2023.12.01 15:06:02 WARN  no build target for: /home/shehroz/5 stage pipielining processor/src/main/scala/pipeline/fetch.scala
2023.12.01 15:06:04 WARN  no build target for: /home/shehroz/5 stage pipielining processor/src/main/scala/pipeline/fetch.scala
2023.12.01 15:06:06 ERROR Failed to tokenize input for semantic tokens for /home/shehroz/5 stage pipielining processor/src/main/scala/pipeline/fetch.scala
scala.meta.tokenizers.TokenizeException: <input>:23: error: unclosed string interpolation
pcmod.io.jump"
              ^
	at scala.meta.internal.tokenizers.Reporter.syntaxError(Reporter.scala:23)
	at scala.meta.internal.tokenizers.Reporter.syntaxError$(Reporter.scala:23)
	at scala.meta.internal.tokenizers.Reporter$$anon$1.syntaxError(Reporter.scala:33)
	at scala.meta.internal.tokenizers.Reporter.syntaxError(Reporter.scala:25)
	at scala.meta.internal.tokenizers.Reporter.syntaxError$(Reporter.scala:25)
	at scala.meta.internal.tokenizers.Reporter$$anon$1.syntaxError(Reporter.scala:33)
	at scala.meta.internal.tokenizers.LegacyScanner.getStringPart(LegacyScanner.scala:659)
	at scala.meta.internal.tokenizers.LegacyScanner.fetchDoubleQuote$1(LegacyScanner.scala:357)
	at scala.meta.internal.tokenizers.LegacyScanner.fetchToken(LegacyScanner.scala:376)
	at scala.meta.internal.tokenizers.LegacyScanner.nextToken(LegacyScanner.scala:211)
	at scala.meta.internal.tokenizers.LegacyScanner.foreach(LegacyScanner.scala:1011)
	at scala.meta.internal.tokenizers.ScalametaTokenizer.uncachedTokenize(ScalametaTokenizer.scala:24)
	at scala.meta.internal.tokenizers.ScalametaTokenizer.$anonfun$tokenize$1(ScalametaTokenizer.scala:17)
	at scala.collection.concurrent.TrieMap.getOrElseUpdate(TrieMap.scala:962)
	at scala.meta.internal.tokenizers.ScalametaTokenizer.tokenize(ScalametaTokenizer.scala:17)
	at scala.meta.internal.tokenizers.ScalametaTokenizer$$anon$2.apply(ScalametaTokenizer.scala:332)
	at scala.meta.tokenizers.Api$XtensionTokenizeDialectInput.tokenize(Api.scala:25)
	at scala.meta.tokenizers.Api$XtensionTokenizeInputLike.tokenize(Api.scala:14)
	at scala.meta.internal.metals.SemanticTokensProvider$.getTokens(SemanticTokensProvider.scala:28)
	at scala.meta.internal.metals.SemanticTokensProvider$.provide(SemanticTokensProvider.scala:89)
	at scala.meta.internal.metals.Compilers.$anonfun$semanticTokens$3(Compilers.scala:539)
	at scala.concurrent.impl.Promise$Transformation.run(Promise.scala:467)
	at java.util.concurrent.ThreadPoolExecutor.runWorker(ThreadPoolExecutor.java:1136)
	at java.util.concurrent.ThreadPoolExecutor$Worker.run(ThreadPoolExecutor.java:635)
	at java.lang.Thread.run(Thread.java:833)

2023.12.01 15:06:06 WARN  no build target for: /home/shehroz/5 stage pipielining processor/src/main/scala/pipeline/fetch.scala
2023.12.01 15:06:08 ERROR Failed to tokenize input for semantic tokens for /home/shehroz/5 stage pipielining processor/src/main/scala/pipeline/fetch.scala
scala.meta.tokenizers.TokenizeException: <input>:23: error: unclosed string interpolation
pcmod.io.jump"
              ^
	at scala.meta.internal.tokenizers.Reporter.syntaxError(Reporter.scala:23)
	at scala.meta.internal.tokenizers.Reporter.syntaxError$(Reporter.scala:23)
	at scala.meta.internal.tokenizers.Reporter$$anon$1.syntaxError(Reporter.scala:33)
	at scala.meta.internal.tokenizers.Reporter.syntaxError(Reporter.scala:25)
	at scala.meta.internal.tokenizers.Reporter.syntaxError$(Reporter.scala:25)
	at scala.meta.internal.tokenizers.Reporter$$anon$1.syntaxError(Reporter.scala:33)
	at scala.meta.internal.tokenizers.LegacyScanner.getStringPart(LegacyScanner.scala:659)
	at scala.meta.internal.tokenizers.LegacyScanner.fetchDoubleQuote$1(LegacyScanner.scala:357)
	at scala.meta.internal.tokenizers.LegacyScanner.fetchToken(LegacyScanner.scala:376)
	at scala.meta.internal.tokenizers.LegacyScanner.nextToken(LegacyScanner.scala:211)
	at scala.meta.internal.tokenizers.LegacyScanner.foreach(LegacyScanner.scala:1011)
	at scala.meta.internal.tokenizers.ScalametaTokenizer.uncachedTokenize(ScalametaTokenizer.scala:24)
	at scala.meta.internal.tokenizers.ScalametaTokenizer.$anonfun$tokenize$1(ScalametaTokenizer.scala:17)
	at scala.collection.concurrent.TrieMap.getOrElseUpdate(TrieMap.scala:962)
	at scala.meta.internal.tokenizers.ScalametaTokenizer.tokenize(ScalametaTokenizer.scala:17)
	at scala.meta.internal.tokenizers.ScalametaTokenizer$$anon$2.apply(ScalametaTokenizer.scala:332)
	at scala.meta.tokenizers.Api$XtensionTokenizeDialectInput.tokenize(Api.scala:25)
	at scala.meta.tokenizers.Api$XtensionTokenizeInputLike.tokenize(Api.scala:14)
	at scala.meta.internal.metals.SemanticTokensProvider$.getTokens(SemanticTokensProvider.scala:28)
	at scala.meta.internal.metals.SemanticTokensProvider$.provide(SemanticTokensProvider.scala:89)
	at scala.meta.internal.metals.Compilers.$anonfun$semanticTokens$3(Compilers.scala:539)
	at scala.concurrent.impl.Promise$Transformation.run(Promise.scala:467)
	at java.util.concurrent.ThreadPoolExecutor.runWorker(ThreadPoolExecutor.java:1136)
	at java.util.concurrent.ThreadPoolExecutor$Worker.run(ThreadPoolExecutor.java:635)
	at java.lang.Thread.run(Thread.java:833)

2023.12.01 15:06:08 WARN  no build target for: /home/shehroz/5 stage pipielining processor/src/main/scala/pipeline/fetch.scala
2023.12.01 15:06:08 ERROR Failed to tokenize input for semantic tokens for /home/shehroz/5 stage pipielining processor/src/main/scala/pipeline/fetch.scala
scala.meta.tokenizers.TokenizeException: <input>:23: error: unclosed string interpolation
pcmod.io.jump"
              ^
	at scala.meta.internal.tokenizers.Reporter.syntaxError(Reporter.scala:23)
	at scala.meta.internal.tokenizers.Reporter.syntaxError$(Reporter.scala:23)
	at scala.meta.internal.tokenizers.Reporter$$anon$1.syntaxError(Reporter.scala:33)
	at scala.meta.internal.tokenizers.Reporter.syntaxError(Reporter.scala:25)
	at scala.meta.internal.tokenizers.Reporter.syntaxError$(Reporter.scala:25)
	at scala.meta.internal.tokenizers.Reporter$$anon$1.syntaxError(Reporter.scala:33)
	at scala.meta.internal.tokenizers.LegacyScanner.getStringPart(LegacyScanner.scala:659)
	at scala.meta.internal.tokenizers.LegacyScanner.fetchDoubleQuote$1(LegacyScanner.scala:357)
	at scala.meta.internal.tokenizers.LegacyScanner.fetchToken(LegacyScanner.scala:376)
	at scala.meta.internal.tokenizers.LegacyScanner.nextToken(LegacyScanner.scala:211)
	at scala.meta.internal.tokenizers.LegacyScanner.foreach(LegacyScanner.scala:1011)
	at scala.meta.internal.tokenizers.ScalametaTokenizer.uncachedTokenize(ScalametaTokenizer.scala:24)
	at scala.meta.internal.tokenizers.ScalametaTokenizer.$anonfun$tokenize$1(ScalametaTokenizer.scala:17)
	at scala.collection.concurrent.TrieMap.getOrElseUpdate(TrieMap.scala:962)
	at scala.meta.internal.tokenizers.ScalametaTokenizer.tokenize(ScalametaTokenizer.scala:17)
	at scala.meta.internal.tokenizers.ScalametaTokenizer$$anon$2.apply(ScalametaTokenizer.scala:332)
	at scala.meta.tokenizers.Api$XtensionTokenizeDialectInput.tokenize(Api.scala:25)
	at scala.meta.tokenizers.Api$XtensionTokenizeInputLike.tokenize(Api.scala:14)
	at scala.meta.internal.metals.SemanticTokensProvider$.getTokens(SemanticTokensProvider.scala:28)
	at scala.meta.internal.metals.SemanticTokensProvider$.provide(SemanticTokensProvider.scala:89)
	at scala.meta.internal.metals.Compilers.$anonfun$semanticTokens$3(Compilers.scala:539)
	at scala.concurrent.impl.Promise$Transformation.run(Promise.scala:467)
	at java.util.concurrent.ThreadPoolExecutor.runWorker(ThreadPoolExecutor.java:1136)
	at java.util.concurrent.ThreadPoolExecutor$Worker.run(ThreadPoolExecutor.java:635)
	at java.lang.Thread.run(Thread.java:833)

2023.12.01 15:06:10 WARN  no build target for: /home/shehroz/5 stage pipielining processor/src/main/scala/pipeline/fetch.scala
2023.12.01 15:06:12 WARN  no build target for: /home/shehroz/5 stage pipielining processor/src/main/scala/pipeline/fetch.scala
2023.12.01 15:06:14 WARN  no build target for: /home/shehroz/5 stage pipielining processor/src/main/scala/pipeline/fetch.scala
2023.12.01 15:06:19 WARN  no build target for: /home/shehroz/5 stage pipielining processor/src/main/scala/pipeline/fetch.scala
2023.12.01 15:06:23 WARN  no build target for: /home/shehroz/5 stage pipielining processor/src/main/scala/pipeline/fetch.scala
2023.12.01 15:06:25 WARN  no build target for: /home/shehroz/5 stage pipielining processor/src/main/scala/pipeline/fetch.scala
2023.12.01 15:06:28 WARN  no build target for: /home/shehroz/5 stage pipielining processor/src/main/scala/pipeline/fetch.scala
2023.12.01 15:06:34 WARN  no build target for: /home/shehroz/5 stage pipielining processor/src/main/scala/pipeline/fetch.scala
2023.12.01 15:06:35 WARN  no build target for: /home/shehroz/5 stage pipielining processor/src/main/scala/pipeline/fetch.scala
2023.12.01 15:06:41 WARN  no build target for: /home/shehroz/5 stage pipielining processor/src/main/scala/pipeline/fetch.scala
2023.12.01 15:06:42 WARN  no build target for: /home/shehroz/5 stage pipielining processor/src/main/scala/pipeline/fetch.scala
2023.12.01 15:06:44 WARN  no build target for: /home/shehroz/5 stage pipielining processor/src/main/scala/pipeline/fetch.scala
2023.12.01 15:06:48 WARN  no build target for: /home/shehroz/5 stage pipielining processor/src/main/scala/pipeline/fetch.scala
2023.12.01 15:06:49 WARN  no build target for: /home/shehroz/5 stage pipielining processor/src/main/scala/pipeline/fetch.scala
2023.12.01 15:06:50 WARN  no build target for: /home/shehroz/5 stage pipielining processor/src/main/scala/pipeline/fetch.scala
Dec 01, 2023 3:09:59 PM org.eclipse.lsp4j.jsonrpc.services.GenericEndpoint notify
INFO: Unsupported notification method: $/setTrace
2023.12.01 15:10:42 WARN  no build target for: /home/shehroz/5 stage pipielining processor/src/main/scala/pipeline/fetch.scala
2023.12.01 15:10:44 WARN  no build target for: /home/shehroz/5 stage pipielining processor/src/main/scala/pipeline/fetch.scala
2023.12.01 15:10:54 WARN  no build target for: /home/shehroz/5 stage pipielining processor/src/main/scala/pipeline/fetch.scala
2023.12.01 15:10:56 WARN  no build target for: /home/shehroz/5 stage pipielining processor/src/main/scala/pipeline/fetch.scala
Dec 01, 2023 3:13:13 PM org.eclipse.lsp4j.jsonrpc.RemoteEndpoint handleCancellation
WARNING: Unmatched cancel notification for request id 1921
2023.12.01 15:14:24 WARN  no build target for: /home/shehroz/5 stage pipielining processor/src/main/scala/pipeline/fetch.scala
2023.12.01 15:14:26 WARN  no build target for: /home/shehroz/5 stage pipielining processor/src/main/scala/pipeline/fetch.scala
2023.12.01 15:14:28 WARN  no build target for: /home/shehroz/5 stage pipielining processor/src/main/scala/pipeline/fetch.scala
2023.12.01 15:14:31 WARN  no build target for: /home/shehroz/5 stage pipielining processor/src/main/scala/pipeline/fetch.scala
2023.12.01 15:14:35 WARN  no build target for: /home/shehroz/5 stage pipielining processor/src/main/scala/pipeline/fetch.scala
2023.12.01 15:14:37 WARN  no build target for: /home/shehroz/5 stage pipielining processor/src/main/scala/pipeline/fetch.scala
2023.12.01 15:14:39 WARN  no build target for: /home/shehroz/5 stage pipielining processor/src/main/scala/pipeline/fetch.scala
2023.12.01 15:14:41 WARN  no build target for: /home/shehroz/5 stage pipielining processor/src/main/scala/pipeline/fetch.scala
Dec 01, 2023 3:15:21 PM org.eclipse.lsp4j.jsonrpc.RemoteEndpoint handleCancellation
WARNING: Unmatched cancel notification for request id 2058
Dec 01, 2023 3:15:29 PM org.eclipse.lsp4j.jsonrpc.RemoteEndpoint handleCancellation
WARNING: Unmatched cancel notification for request id 2068
2023.12.01 15:18:18 WARN  no build target for: /home/shehroz/5 stage pipielining processor/src/main/scala/pipeline/fetch.scala
2023.12.01 15:18:22 WARN  no build target for: /home/shehroz/5 stage pipielining processor/src/main/scala/pipeline/fetch.scala
2023.12.01 15:18:30 WARN  no build target for: /home/shehroz/5 stage pipielining processor/src/main/scala/pipeline/fetch.scala
2023.12.01 15:18:43 WARN  no build target for: /home/shehroz/5 stage pipielining processor/src/main/scala/pipeline/fetch.scala
2023.12.01 15:18:50 WARN  no build target for: /home/shehroz/5 stage pipielining processor/src/main/scala/pipeline/fetch.scala
2023.12.01 15:18:53 WARN  no build target for: /home/shehroz/5 stage pipielining processor/src/main/scala/pipeline/fetch.scala
2023.12.01 15:18:54 WARN  no build target for: /home/shehroz/5 stage pipielining processor/src/main/scala/pipeline/fetch.scala
2023.12.01 15:18:57 WARN  no build target for: /home/shehroz/5 stage pipielining processor/src/main/scala/pipeline/fetch.scala
2023.12.01 15:19:11 WARN  no build target for: /home/shehroz/5 stage pipielining processor/src/main/scala/pipeline/fetch.scala
2023.12.01 15:19:13 WARN  no build target for: /home/shehroz/5 stage pipielining processor/src/main/scala/pipeline/fetch.scala
2023.12.01 15:19:23 WARN  no build target for: /home/shehroz/5 stage pipielining processor/src/main/scala/pipeline/fetch.scala
2023.12.01 15:19:49 WARN  no build target for: /home/shehroz/5 stage pipielining processor/src/main/scala/pipeline/fetch.scala
2023.12.01 15:19:52 WARN  no build target for: /home/shehroz/5 stage pipielining processor/src/main/scala/pipeline/fetch.scala
2023.12.01 15:19:54 WARN  no build target for: /home/shehroz/5 stage pipielining processor/src/main/scala/pipeline/fetch.scala
2023.12.01 15:20:22 WARN  no build target for: /home/shehroz/5 stage pipielining processor/src/main/scala/pipeline/fetch.scala
2023.12.01 15:20:34 WARN  no build target for: /home/shehroz/5 stage pipielining processor/src/main/scala/pipeline/fetch.scala
Dec 01, 2023 3:20:39 PM org.eclipse.lsp4j.jsonrpc.RemoteEndpoint handleCancellation
WARNING: Unmatched cancel notification for request id 2360
Dec 01, 2023 3:20:39 PM org.eclipse.lsp4j.jsonrpc.RemoteEndpoint handleCancellation
WARNING: Unmatched cancel notification for request id 2362
2023.12.01 15:21:13 WARN  no build target for: /home/shehroz/5 stage pipielining processor/src/main/scala/pipeline/fetch.scala
2023.12.01 15:21:20 WARN  no build target for: /home/shehroz/5 stage pipielining processor/src/main/scala/pipeline/fetch.scala
2023.12.01 15:21:35 WARN  no build target for: /home/shehroz/5 stage pipielining processor/src/main/scala/pipeline/fetch.scala
2023.12.01 15:21:38 WARN  no build target for: /home/shehroz/5 stage pipielining processor/src/main/scala/pipeline/fetch.scala
2023.12.01 15:21:40 WARN  no build target for: /home/shehroz/5 stage pipielining processor/src/main/scala/pipeline/fetch.scala
2023.12.01 15:21:52 WARN  no build target for: /home/shehroz/5 stage pipielining processor/src/main/scala/pipeline/fetch.scala
2023.12.01 15:21:54 WARN  no build target for: /home/shehroz/5 stage pipielining processor/src/main/scala/pipeline/fetch.scala
2023.12.01 15:21:57 WARN  no build target for: /home/shehroz/5 stage pipielining processor/src/main/scala/pipeline/fetch.scala
Dec 01, 2023 3:22:20 PM org.eclipse.lsp4j.jsonrpc.RemoteEndpoint handleCancellation
WARNING: Unmatched cancel notification for request id 2569
2023.12.01 15:22:52 WARN  no build target for: /home/shehroz/5 stage pipielining processor/src/main/scala/pipeline/fetch.scala
2023.12.01 15:22:54 WARN  no build target for: /home/shehroz/5 stage pipielining processor/src/main/scala/pipeline/fetch.scala
2023.12.01 15:22:57 WARN  no build target for: /home/shehroz/5 stage pipielining processor/src/main/scala/pipeline/fetch.scala
Dec 01, 2023 3:23:19 PM org.eclipse.lsp4j.jsonrpc.services.GenericEndpoint notify
INFO: Unsupported notification method: $/setTrace
2023.12.01 15:23:32 WARN  no build target for: /home/shehroz/5 stage pipielining processor/src/main/scala/pipeline/fetch.scala
2023.12.01 15:23:34 WARN  no build target for: /home/shehroz/5 stage pipielining processor/src/main/scala/pipeline/fetch.scala
2023.12.01 15:23:37 WARN  no build target for: /home/shehroz/5 stage pipielining processor/src/main/scala/pipeline/fetch.scala
2023.12.01 15:23:39 WARN  no build target for: /home/shehroz/5 stage pipielining processor/src/main/scala/pipeline/fetch.scala
2023.12.01 15:23:41 WARN  no build target for: /home/shehroz/5 stage pipielining processor/src/main/scala/pipeline/fetch.scala
2023.12.01 15:23:43 WARN  no build target for: /home/shehroz/5 stage pipielining processor/src/main/scala/pipeline/fetch.scala
2023.12.01 15:23:45 WARN  no build target for: /home/shehroz/5 stage pipielining processor/src/main/scala/pipeline/fetch.scala
2023.12.01 15:23:50 WARN  no build target for: /home/shehroz/5 stage pipielining processor/src/main/scala/pipeline/fetch.scala
2023.12.01 15:23:55 WARN  no build target for: /home/shehroz/5 stage pipielining processor/src/main/scala/pipeline/fetch.scala
2023.12.01 15:23:58 WARN  no build target for: /home/shehroz/5 stage pipielining processor/src/main/scala/pipeline/fetch.scala
2023.12.01 15:24:00 WARN  no build target for: /home/shehroz/5 stage pipielining processor/src/main/scala/pipeline/fetch.scala
2023.12.01 15:24:02 WARN  no build target for: /home/shehroz/5 stage pipielining processor/src/main/scala/pipeline/fetch.scala
2023.12.01 15:24:04 WARN  no build target for: /home/shehroz/5 stage pipielining processor/src/main/scala/pipeline/fetch.scala
2023.12.01 15:24:07 WARN  no build target for: /home/shehroz/5 stage pipielining processor/src/main/scala/pipeline/fetch.scala
2023.12.01 15:24:10 WARN  no build target for: /home/shehroz/5 stage pipielining processor/src/main/scala/pipeline/fetch.scala
2023.12.01 15:24:12 WARN  no build target for: /home/shehroz/5 stage pipielining processor/src/main/scala/pipeline/fetch.scala
2023.12.01 15:24:15 WARN  no build target for: /home/shehroz/5 stage pipielining processor/src/main/scala/pipeline/fetch.scala
2023.12.01 15:24:17 WARN  no build target for: /home/shehroz/5 stage pipielining processor/src/main/scala/pipeline/fetch.scala
2023.12.01 15:24:20 WARN  no build target for: /home/shehroz/5 stage pipielining processor/src/main/scala/pipeline/fetch.scala
2023.12.01 15:24:23 WARN  no build target for: /home/shehroz/5 stage pipielining processor/src/main/scala/pipeline/fetch.scala
2023.12.01 15:24:50 WARN  no build target for: /home/shehroz/5 stage pipielining processor/src/main/scala/pipeline/fetch.scala
2023.12.01 15:24:52 WARN  no build target for: /home/shehroz/5 stage pipielining processor/src/main/scala/pipeline/fetch.scala
2023.12.01 15:24:53 WARN  no build target for: /home/shehroz/5 stage pipielining processor/src/main/scala/pipeline/fetch.scala
2023.12.01 15:25:00 WARN  no build target for: /home/shehroz/5 stage pipielining processor/src/main/scala/pipeline/fetch.scala
2023.12.01 15:25:04 WARN  no build target for: /home/shehroz/5 stage pipielining processor/src/main/scala/pipeline/fetch.scala
2023.12.01 15:25:06 WARN  no build target for: /home/shehroz/5 stage pipielining processor/src/main/scala/pipeline/fetch.scala
2023.12.01 15:25:09 WARN  no build target for: /home/shehroz/5 stage pipielining processor/src/main/scala/pipeline/fetch.scala
2023.12.01 15:26:36 WARN  no build target for: /home/shehroz/5 stage pipielining processor/src/main/scala/pipeline/fetch.scala
2023.12.01 15:26:39 WARN  no build target for: /home/shehroz/5 stage pipielining processor/src/main/scala/pipeline/fetch.scala
2023.12.01 15:26:41 WARN  no build target for: /home/shehroz/5 stage pipielining processor/src/main/scala/pipeline/fetch.scala
2023.12.01 15:26:44 WARN  no build target for: /home/shehroz/5 stage pipielining processor/src/main/scala/pipeline/fetch.scala
Dec 01, 2023 3:28:46 PM org.eclipse.lsp4j.jsonrpc.RemoteEndpoint handleCancellation
WARNING: Unmatched cancel notification for request id 3031
2023.12.01 15:34:08 WARN  no build target for: /home/shehroz/5 stage pipielining processor/src/main/scala/pipeline/fetch.scala
2023.12.01 15:34:54 WARN  no build target for: /home/shehroz/5 stage pipielining processor/src/main/scala/pipeline/fetch.scala
Dec 01, 2023 3:38:47 PM org.eclipse.lsp4j.jsonrpc.RemoteEndpoint handleCancellation
WARNING: Unmatched cancel notification for request id 3198
2023.12.01 15:39:50 WARN  no build target for: /home/shehroz/5 stage pipielining processor/src/main/scala/pipeline/decode.scala
2023.12.01 15:39:58 WARN  no build target for: /home/shehroz/5 stage pipielining processor/src/main/scala/pipeline/decode.scala
Dec 01, 2023 3:40:20 PM org.eclipse.lsp4j.jsonrpc.RemoteEndpoint handleCancellation
WARNING: Unmatched cancel notification for request id 3255
Dec 01, 2023 3:40:38 PM org.eclipse.lsp4j.jsonrpc.RemoteEndpoint handleCancellation
WARNING: Unmatched cancel notification for request id 3270
2023.12.01 15:40:44 WARN  no build target for: /home/shehroz/5 stage pipielining processor/src/main/scala/pipeline/decode.scala
2023.12.01 15:40:47 WARN  no build target for: /home/shehroz/5 stage pipielining processor/src/main/scala/pipeline/decode.scala
2023.12.01 15:40:48 WARN  no build target for: /home/shehroz/5 stage pipielining processor/src/main/scala/pipeline/decode.scala
Dec 01, 2023 3:41:26 PM org.eclipse.lsp4j.jsonrpc.RemoteEndpoint handleCancellation
WARNING: Unmatched cancel notification for request id 3299
2023.12.01 15:41:43 WARN  no build target for: /home/shehroz/5 stage pipielining processor/src/main/scala/pipeline/decode.scala
2023.12.01 15:41:47 WARN  no build target for: /home/shehroz/5 stage pipielining processor/src/main/scala/pipeline/decode.scala
2023.12.01 15:41:48 WARN  no build target for: /home/shehroz/5 stage pipielining processor/src/main/scala/pipeline/decode.scala
2023.12.01 15:41:50 WARN  no build target for: /home/shehroz/5 stage pipielining processor/src/main/scala/pipeline/decode.scala
Dec 01, 2023 3:42:01 PM org.eclipse.lsp4j.jsonrpc.RemoteEndpoint handleCancellation
WARNING: Unmatched cancel notification for request id 3346
Dec 01, 2023 3:42:06 PM org.eclipse.lsp4j.jsonrpc.RemoteEndpoint handleCancellation
WARNING: Unmatched cancel notification for request id 3355
2023.12.01 15:42:09 WARN  no build target for: /home/shehroz/5 stage pipielining processor/src/main/scala/pipeline/decode.scala
2023.12.01 15:43:05 WARN  no build target for: /home/shehroz/5 stage pipielining processor/src/main/scala/pipeline/decode.scala
2023.12.01 15:43:07 WARN  no build target for: /home/shehroz/5 stage pipielining processor/src/main/scala/pipeline/decode.scala
2023.12.01 15:43:12 WARN  no build target for: /home/shehroz/5 stage pipielining processor/src/main/scala/pipeline/decode.scala
2023.12.01 15:43:23 WARN  no build target for: /home/shehroz/5 stage pipielining processor/src/main/scala/pipeline/decode.scala
Dec 01, 2023 3:44:28 PM org.eclipse.lsp4j.jsonrpc.RemoteEndpoint handleCancellation
WARNING: Unmatched cancel notification for request id 3547
Dec 01, 2023 3:47:19 PM org.eclipse.lsp4j.jsonrpc.RemoteEndpoint handleCancellation
WARNING: Unmatched cancel notification for request id 3591
2023.12.01 15:47:25 WARN  no build target for: /home/shehroz/5 stage pipielining processor/src/main/scala/pipeline/decode.scala
2023.12.01 15:47:36 WARN  no build target for: /home/shehroz/5 stage pipielining processor/src/main/scala/pipeline/decode.scala
2023.12.01 15:47:47 WARN  no build target for: /home/shehroz/5 stage pipielining processor/src/main/scala/pipeline/decode.scala
2023.12.01 15:47:49 WARN  no build target for: /home/shehroz/5 stage pipielining processor/src/main/scala/pipeline/decode.scala
2023.12.01 15:48:00 WARN  no build target for: /home/shehroz/5 stage pipielining processor/src/main/scala/pipeline/decode.scala
2023.12.01 15:48:07 WARN  no build target for: /home/shehroz/5 stage pipielining processor/src/main/scala/pipeline/decode.scala
2023.12.01 15:49:03 WARN  no build target for: /home/shehroz/5 stage pipielining processor/src/main/scala/pipeline/decode.scala
2023.12.01 15:49:06 WARN  no build target for: /home/shehroz/5 stage pipielining processor/src/main/scala/pipeline/decode.scala
2023.12.01 15:49:12 WARN  no build target for: /home/shehroz/5 stage pipielining processor/src/main/scala/pipeline/decode.scala
2023.12.01 15:49:18 WARN  no build target for: /home/shehroz/5 stage pipielining processor/src/main/scala/pipeline/decode.scala
2023.12.01 15:49:20 WARN  no build target for: /home/shehroz/5 stage pipielining processor/src/main/scala/pipeline/decode.scala
2023.12.01 15:49:24 WARN  no build target for: /home/shehroz/5 stage pipielining processor/src/main/scala/pipeline/decode.scala
2023.12.01 15:49:28 WARN  no build target for: /home/shehroz/5 stage pipielining processor/src/main/scala/pipeline/decode.scala
2023.12.01 15:50:20 WARN  no build target for: /home/shehroz/5 stage pipielining processor/src/main/scala/pipeline/decode.scala
2023.12.01 15:50:24 WARN  no build target for: /home/shehroz/5 stage pipielining processor/src/main/scala/pipeline/decode.scala
2023.12.01 15:50:33 WARN  no build target for: /home/shehroz/5 stage pipielining processor/src/main/scala/pipeline/decode.scala
2023.12.01 15:50:35 WARN  no build target for: /home/shehroz/5 stage pipielining processor/src/main/scala/pipeline/decode.scala
2023.12.01 15:50:49 WARN  no build target for: /home/shehroz/5 stage pipielining processor/src/main/scala/pipeline/decode.scala
Dec 01, 2023 3:51:13 PM org.eclipse.lsp4j.jsonrpc.RemoteEndpoint handleCancellation
WARNING: Unmatched cancel notification for request id 3938
2023.12.01 15:51:15 WARN  no build target for: /home/shehroz/5 stage pipielining processor/src/main/scala/pipeline/decode.scala
2023.12.01 15:51:18 WARN  no build target for: /home/shehroz/5 stage pipielining processor/src/main/scala/pipeline/decode.scala
2023.12.01 15:51:20 WARN  no build target for: /home/shehroz/5 stage pipielining processor/src/main/scala/pipeline/decode.scala
2023.12.01 15:54:17 WARN  no build target for: /home/shehroz/5 stage pipielining processor/src/main/scala/pipeline/decode.scala
2023.12.01 16:06:08 WARN  no build target for: /home/shehroz/5 stage pipielining processor/src/main/scala/pipeline/decode.scala
2023.12.01 16:06:58 WARN  no build target for: /home/shehroz/5 stage pipielining processor/src/main/scala/pipeline/decode.scala
2023.12.01 16:07:00 WARN  no build target for: /home/shehroz/5 stage pipielining processor/src/main/scala/pipeline/decode.scala
2023.12.01 16:07:06 WARN  no build target for: /home/shehroz/5 stage pipielining processor/src/main/scala/pipeline/decode.scala
2023.12.01 16:07:08 WARN  no build target for: /home/shehroz/5 stage pipielining processor/src/main/scala/pipeline/decode.scala
Dec 01, 2023 4:07:38 PM org.eclipse.lsp4j.jsonrpc.RemoteEndpoint handleCancellation
WARNING: Unmatched cancel notification for request id 4109
2023.12.01 16:07:40 WARN  no build target for: /home/shehroz/5 stage pipielining processor/src/main/scala/pipeline/decode.scala
2023.12.01 16:07:44 WARN  no build target for: /home/shehroz/5 stage pipielining processor/src/main/scala/pipeline/decode.scala
2023.12.01 16:07:47 WARN  no build target for: /home/shehroz/5 stage pipielining processor/src/main/scala/pipeline/decode.scala
Dec 01, 2023 4:08:07 PM org.eclipse.lsp4j.jsonrpc.RemoteEndpoint handleCancellation
WARNING: Unmatched cancel notification for request id 4141
2023.12.01 16:13:48 WARN  no build target for: /home/shehroz/5 stage pipielining processor/src/main/scala/pipeline/decode.scala
2023.12.01 16:13:49 WARN  no build target for: /home/shehroz/5 stage pipielining processor/src/main/scala/pipeline/decode.scala
2023.12.01 16:13:51 WARN  no build target for: /home/shehroz/5 stage pipielining processor/src/main/scala/pipeline/decode.scala
2023.12.01 16:14:12 WARN  no build target for: /home/shehroz/5 stage pipielining processor/src/main/scala/pipeline/decode.scala
2023.12.01 16:14:39 WARN  no build target for: /home/shehroz/5 stage pipielining processor/src/main/scala/pipeline/decode.scala
2023.12.01 16:14:44 WARN  no build target for: /home/shehroz/5 stage pipielining processor/src/main/scala/pipeline/decode.scala
2023.12.01 16:14:54 WARN  no build target for: /home/shehroz/5 stage pipielining processor/src/main/scala/pipeline/decode.scala
2023.12.01 16:14:55 WARN  no build target for: /home/shehroz/5 stage pipielining processor/src/main/scala/pipeline/decode.scala
2023.12.01 16:15:00 WARN  no build target for: /home/shehroz/5 stage pipielining processor/src/main/scala/pipeline/decode.scala
2023.12.01 16:15:04 WARN  no build target for: /home/shehroz/5 stage pipielining processor/src/main/scala/pipeline/decode.scala
2023.12.01 16:15:12 WARN  no build target for: /home/shehroz/5 stage pipielining processor/src/main/scala/pipeline/decode.scala
2023.12.01 16:15:16 WARN  no build target for: /home/shehroz/5 stage pipielining processor/src/main/scala/pipeline/decode.scala
2023.12.01 16:18:07 WARN  no build target for: /home/shehroz/5 stage pipielining processor/src/main/scala/pipeline/decode.scala
2023.12.01 16:18:14 WARN  no build target for: /home/shehroz/5 stage pipielining processor/src/main/scala/pipeline/decode.scala
2023.12.01 16:18:21 WARN  no build target for: /home/shehroz/5 stage pipielining processor/src/main/scala/pipeline/decode.scala
2023.12.01 16:18:25 WARN  no build target for: /home/shehroz/5 stage pipielining processor/src/main/scala/pipeline/decode.scala
2023.12.01 16:18:27 WARN  no build target for: /home/shehroz/5 stage pipielining processor/src/main/scala/pipeline/decode.scala
2023.12.01 16:18:29 WARN  no build target for: /home/shehroz/5 stage pipielining processor/src/main/scala/pipeline/decode.scala
2023.12.01 16:18:33 WARN  no build target for: /home/shehroz/5 stage pipielining processor/src/main/scala/pipeline/decode.scala
2023.12.01 16:18:36 WARN  no build target for: /home/shehroz/5 stage pipielining processor/src/main/scala/pipeline/decode.scala
2023.12.01 16:19:00 WARN  no build target for: /home/shehroz/5 stage pipielining processor/src/main/scala/pipeline/decode.scala
2023.12.01 16:19:03 WARN  no build target for: /home/shehroz/5 stage pipielining processor/src/main/scala/pipeline/decode.scala
2023.12.01 16:19:07 WARN  no build target for: /home/shehroz/5 stage pipielining processor/src/main/scala/pipeline/decode.scala
2023.12.01 16:19:09 WARN  no build target for: /home/shehroz/5 stage pipielining processor/src/main/scala/pipeline/decode.scala
2023.12.01 16:19:13 WARN  no build target for: /home/shehroz/5 stage pipielining processor/src/main/scala/pipeline/decode.scala
2023.12.01 16:21:24 WARN  no build target for: /home/shehroz/5 stage pipielining processor/src/main/scala/pipeline/decode.scala
2023.12.01 16:21:43 WARN  no build target for: /home/shehroz/5 stage pipielining processor/src/main/scala/pipeline/decode.scala
2023.12.01 16:21:45 WARN  no build target for: /home/shehroz/5 stage pipielining processor/src/main/scala/pipeline/decode.scala
2023.12.01 16:21:46 WARN  no build target for: /home/shehroz/5 stage pipielining processor/src/main/scala/pipeline/decode.scala
2023.12.01 16:21:50 WARN  no build target for: /home/shehroz/5 stage pipielining processor/src/main/scala/pipeline/decode.scala
2023.12.01 16:21:53 WARN  no build target for: /home/shehroz/5 stage pipielining processor/src/main/scala/pipeline/decode.scala
2023.12.01 16:21:55 WARN  no build target for: /home/shehroz/5 stage pipielining processor/src/main/scala/pipeline/decode.scala
2023.12.01 16:22:01 WARN  no build target for: /home/shehroz/5 stage pipielining processor/src/main/scala/pipeline/decode.scala
2023.12.01 16:22:02 WARN  no build target for: /home/shehroz/5 stage pipielining processor/src/main/scala/pipeline/decode.scala
2023.12.01 16:22:03 WARN  no build target for: /home/shehroz/5 stage pipielining processor/src/main/scala/pipeline/decode.scala
2023.12.01 16:22:13 WARN  no build target for: /home/shehroz/5 stage pipielining processor/src/main/scala/pipeline/decode.scala
2023.12.01 16:22:16 WARN  no build target for: /home/shehroz/5 stage pipielining processor/src/main/scala/pipeline/decode.scala
2023.12.01 16:22:18 WARN  no build target for: /home/shehroz/5 stage pipielining processor/src/main/scala/pipeline/decode.scala
2023.12.01 16:22:21 WARN  no build target for: /home/shehroz/5 stage pipielining processor/src/main/scala/pipeline/decode.scala
2023.12.01 16:22:22 WARN  no build target for: /home/shehroz/5 stage pipielining processor/src/main/scala/pipeline/decode.scala
2023.12.01 16:22:24 WARN  no build target for: /home/shehroz/5 stage pipielining processor/src/main/scala/pipeline/decode.scala
2023.12.01 16:22:34 WARN  no build target for: /home/shehroz/5 stage pipielining processor/src/main/scala/pipeline/decode.scala
2023.12.01 16:22:37 WARN  no build target for: /home/shehroz/5 stage pipielining processor/src/main/scala/pipeline/decode.scala
2023.12.01 16:22:38 WARN  no build target for: /home/shehroz/5 stage pipielining processor/src/main/scala/pipeline/decode.scala
2023.12.01 16:22:40 WARN  no build target for: /home/shehroz/5 stage pipielining processor/src/main/scala/pipeline/decode.scala
2023.12.01 16:22:45 WARN  no build target for: /home/shehroz/5 stage pipielining processor/src/main/scala/pipeline/decode.scala
2023.12.01 16:22:51 WARN  no build target for: /home/shehroz/5 stage pipielining processor/src/main/scala/pipeline/decode.scala
2023.12.01 16:23:10 WARN  no build target for: /home/shehroz/5 stage pipielining processor/src/main/scala/pipeline/decode.scala
2023.12.01 16:23:12 WARN  no build target for: /home/shehroz/5 stage pipielining processor/src/main/scala/pipeline/decode.scala
Dec 01, 2023 4:23:28 PM org.eclipse.lsp4j.jsonrpc.RemoteEndpoint handleCancellation
WARNING: Unmatched cancel notification for request id 4830
2023.12.01 16:23:29 WARN  no build target for: /home/shehroz/5 stage pipielining processor/src/main/scala/pipeline/decode.scala
2023.12.01 16:23:30 WARN  no build target for: /home/shehroz/5 stage pipielining processor/src/main/scala/pipeline/decode.scala
2023.12.01 16:23:48 WARN  no build target for: /home/shehroz/5 stage pipielining processor/src/main/scala/pipeline/decode.scala
2023.12.01 16:23:53 WARN  no build target for: /home/shehroz/5 stage pipielining processor/src/main/scala/pipeline/decode.scala
2023.12.01 16:23:56 WARN  no build target for: /home/shehroz/5 stage pipielining processor/src/main/scala/pipeline/decode.scala
2023.12.01 16:23:57 WARN  no build target for: /home/shehroz/5 stage pipielining processor/src/main/scala/pipeline/decode.scala
2023.12.01 16:24:01 WARN  no build target for: /home/shehroz/5 stage pipielining processor/src/main/scala/pipeline/decode.scala
2023.12.01 16:24:03 WARN  no build target for: /home/shehroz/5 stage pipielining processor/src/main/scala/pipeline/decode.scala
2023.12.01 16:24:07 WARN  no build target for: /home/shehroz/5 stage pipielining processor/src/main/scala/pipeline/decode.scala
2023.12.01 16:24:49 WARN  no build target for: /home/shehroz/5 stage pipielining processor/src/main/scala/pipeline/decode.scala
2023.12.01 16:24:51 WARN  no build target for: /home/shehroz/5 stage pipielining processor/src/main/scala/pipeline/decode.scala
2023.12.01 16:24:54 WARN  no build target for: /home/shehroz/5 stage pipielining processor/src/main/scala/pipeline/decode.scala
2023.12.01 16:24:55 WARN  no build target for: /home/shehroz/5 stage pipielining processor/src/main/scala/pipeline/decode.scala
2023.12.01 16:24:58 WARN  no build target for: /home/shehroz/5 stage pipielining processor/src/main/scala/pipeline/decode.scala
2023.12.01 16:25:00 WARN  no build target for: /home/shehroz/5 stage pipielining processor/src/main/scala/pipeline/decode.scala
2023.12.01 16:25:11 WARN  no build target for: /home/shehroz/5 stage pipielining processor/src/main/scala/pipeline/decode.scala
2023.12.01 16:25:15 WARN  no build target for: /home/shehroz/5 stage pipielining processor/src/main/scala/pipeline/decode.scala
2023.12.01 16:25:22 WARN  no build target for: /home/shehroz/5 stage pipielining processor/src/main/scala/pipeline/decode.scala
2023.12.01 16:25:24 WARN  no build target for: /home/shehroz/5 stage pipielining processor/src/main/scala/pipeline/decode.scala
2023.12.01 16:25:28 WARN  no build target for: /home/shehroz/5 stage pipielining processor/src/main/scala/pipeline/decode.scala
2023.12.01 16:25:34 WARN  no build target for: /home/shehroz/5 stage pipielining processor/src/main/scala/pipeline/decode.scala
2023.12.01 16:25:38 WARN  no build target for: /home/shehroz/5 stage pipielining processor/src/main/scala/pipeline/decode.scala
2023.12.01 16:25:49 WARN  no build target for: /home/shehroz/5 stage pipielining processor/src/main/scala/pipeline/decode.scala
2023.12.01 16:25:54 WARN  no build target for: /home/shehroz/5 stage pipielining processor/src/main/scala/pipeline/decode.scala
2023.12.01 16:25:55 WARN  no build target for: /home/shehroz/5 stage pipielining processor/src/main/scala/pipeline/decode.scala
2023.12.01 16:26:30 WARN  no build target for: /home/shehroz/5 stage pipielining processor/src/main/scala/pipeline/decode.scala
2023.12.01 16:26:32 WARN  no build target for: /home/shehroz/5 stage pipielining processor/src/main/scala/pipeline/decode.scala
2023.12.01 16:26:37 WARN  no build target for: /home/shehroz/5 stage pipielining processor/src/main/scala/pipeline/decode.scala
2023.12.01 16:26:42 WARN  no build target for: /home/shehroz/5 stage pipielining processor/src/main/scala/pipeline/decode.scala
2023.12.01 16:26:43 WARN  no build target for: /home/shehroz/5 stage pipielining processor/src/main/scala/pipeline/decode.scala
2023.12.01 16:26:45 WARN  no build target for: /home/shehroz/5 stage pipielining processor/src/main/scala/pipeline/decode.scala
2023.12.01 16:26:49 WARN  no build target for: /home/shehroz/5 stage pipielining processor/src/main/scala/pipeline/decode.scala
2023.12.01 16:27:10 WARN  no build target for: /home/shehroz/5 stage pipielining processor/src/main/scala/pipeline/decode.scala
2023.12.01 16:27:14 WARN  no build target for: /home/shehroz/5 stage pipielining processor/src/main/scala/pipeline/decode.scala
2023.12.01 16:27:16 WARN  no build target for: /home/shehroz/5 stage pipielining processor/src/main/scala/pipeline/decode.scala
2023.12.01 16:27:17 WARN  no build target for: /home/shehroz/5 stage pipielining processor/src/main/scala/pipeline/decode.scala
2023.12.01 16:27:22 WARN  no build target for: /home/shehroz/5 stage pipielining processor/src/main/scala/pipeline/decode.scala
2023.12.01 16:27:26 WARN  no build target for: /home/shehroz/5 stage pipielining processor/src/main/scala/pipeline/decode.scala
2023.12.01 16:27:33 WARN  no build target for: /home/shehroz/5 stage pipielining processor/src/main/scala/pipeline/decode.scala
2023.12.01 16:27:38 WARN  no build target for: /home/shehroz/5 stage pipielining processor/src/main/scala/pipeline/decode.scala
2023.12.01 16:27:42 WARN  no build target for: /home/shehroz/5 stage pipielining processor/src/main/scala/pipeline/decode.scala
2023.12.01 16:29:39 WARN  no build target for: /home/shehroz/5 stage pipielining processor/src/main/scala/pipeline/decode.scala
2023.12.01 16:29:40 WARN  no build target for: /home/shehroz/5 stage pipielining processor/src/main/scala/pipeline/decode.scala
2023.12.01 16:29:45 WARN  no build target for: /home/shehroz/5 stage pipielining processor/src/main/scala/pipeline/decode.scala
2023.12.01 16:29:47 WARN  no build target for: /home/shehroz/5 stage pipielining processor/src/main/scala/pipeline/decode.scala
2023.12.01 16:29:51 WARN  no build target for: /home/shehroz/5 stage pipielining processor/src/main/scala/pipeline/decode.scala
2023.12.01 16:29:59 WARN  no build target for: /home/shehroz/5 stage pipielining processor/src/main/scala/pipeline/decode.scala
2023.12.01 16:30:06 WARN  no build target for: /home/shehroz/5 stage pipielining processor/src/main/scala/pipeline/decode.scala
2023.12.01 16:33:02 WARN  no build target for: /home/shehroz/5 stage pipielining processor/src/main/scala/pipeline/decode.scala
2023.12.01 16:33:07 WARN  no build target for: /home/shehroz/5 stage pipielining processor/src/main/scala/pipeline/decode.scala
2023.12.01 16:33:35 WARN  no build target for: /home/shehroz/5 stage pipielining processor/src/main/scala/pipeline/decode.scala
2023.12.01 16:33:39 WARN  no build target for: /home/shehroz/5 stage pipielining processor/src/main/scala/pipeline/decode.scala
2023.12.01 16:33:47 WARN  no build target for: /home/shehroz/5 stage pipielining processor/src/main/scala/pipeline/decode.scala
2023.12.01 16:33:49 WARN  no build target for: /home/shehroz/5 stage pipielining processor/src/main/scala/pipeline/decode.scala
2023.12.01 16:33:52 WARN  no build target for: /home/shehroz/5 stage pipielining processor/src/main/scala/pipeline/decode.scala
2023.12.01 16:33:59 WARN  no build target for: /home/shehroz/5 stage pipielining processor/src/main/scala/pipeline/decode.scala
2023.12.01 16:34:50 WARN  no build target for: /home/shehroz/5 stage pipielining processor/src/main/scala/pipeline/decode.scala
2023.12.01 16:34:51 WARN  no build target for: /home/shehroz/5 stage pipielining processor/src/main/scala/pipeline/decode.scala
2023.12.01 16:35:00 WARN  no build target for: /home/shehroz/5 stage pipielining processor/src/main/scala/pipeline/decode.scala
2023.12.01 16:35:05 WARN  no build target for: /home/shehroz/5 stage pipielining processor/src/main/scala/pipeline/decode.scala
2023.12.01 16:35:15 WARN  no build target for: /home/shehroz/5 stage pipielining processor/src/main/scala/pipeline/decode.scala
2023.12.01 16:35:30 WARN  no build target for: /home/shehroz/5 stage pipielining processor/src/main/scala/pipeline/decode.scala
2023.12.01 16:35:46 WARN  no build target for: /home/shehroz/5 stage pipielining processor/src/main/scala/pipeline/decode.scala
2023.12.01 16:35:48 WARN  no build target for: /home/shehroz/5 stage pipielining processor/src/main/scala/pipeline/decode.scala
2023.12.01 16:36:03 WARN  no build target for: /home/shehroz/5 stage pipielining processor/src/main/scala/pipeline/decode.scala
2023.12.01 16:36:05 WARN  no build target for: /home/shehroz/5 stage pipielining processor/src/main/scala/pipeline/decode.scala
2023.12.01 16:36:09 WARN  no build target for: /home/shehroz/5 stage pipielining processor/src/main/scala/pipeline/decode.scala
2023.12.01 16:36:13 WARN  no build target for: /home/shehroz/5 stage pipielining processor/src/main/scala/pipeline/decode.scala
2023.12.01 16:36:41 WARN  no build target for: /home/shehroz/5 stage pipielining processor/src/main/scala/pipeline/decode.scala
2023.12.01 16:36:43 WARN  no build target for: /home/shehroz/5 stage pipielining processor/src/main/scala/pipeline/decode.scala
2023.12.01 16:36:44 WARN  no build target for: /home/shehroz/5 stage pipielining processor/src/main/scala/pipeline/decode.scala
2023.12.01 16:36:47 WARN  no build target for: /home/shehroz/5 stage pipielining processor/src/main/scala/pipeline/decode.scala
2023.12.01 16:37:17 WARN  no build target for: /home/shehroz/5 stage pipielining processor/src/main/scala/pipeline/execute.scala
Dec 01, 2023 4:37:31 PM org.eclipse.lsp4j.jsonrpc.RemoteEndpoint handleCancellation
WARNING: Unmatched cancel notification for request id 5998
Dec 01, 2023 4:37:36 PM org.eclipse.lsp4j.jsonrpc.RemoteEndpoint handleCancellation
WARNING: Unmatched cancel notification for request id 6011
Dec 01, 2023 4:37:47 PM org.eclipse.lsp4j.jsonrpc.RemoteEndpoint handleCancellation
WARNING: Unmatched cancel notification for request id 6023
2023.12.01 16:37:57 WARN  no build target for: /home/shehroz/5 stage pipielining processor/src/main/scala/pipeline/execute.scala
2023.12.01 16:37:59 WARN  no build target for: /home/shehroz/5 stage pipielining processor/src/main/scala/pipeline/execute.scala
2023.12.01 16:38:09 WARN  no build target for: /home/shehroz/5 stage pipielining processor/src/main/scala/pipeline/execute.scala
Dec 01, 2023 4:38:13 PM org.eclipse.lsp4j.jsonrpc.RemoteEndpoint handleCancellation
WARNING: Unmatched cancel notification for request id 6071
Dec 01, 2023 4:38:29 PM org.eclipse.lsp4j.jsonrpc.RemoteEndpoint handleCancellation
WARNING: Unmatched cancel notification for request id 6086
2023.12.01 16:38:32 WARN  no build target for: /home/shehroz/5 stage pipielining processor/src/main/scala/pipeline/execute.scala
2023.12.01 16:38:34 WARN  no build target for: /home/shehroz/5 stage pipielining processor/src/main/scala/pipeline/execute.scala
2023.12.01 16:39:27 WARN  no build target for: /home/shehroz/5 stage pipielining processor/src/main/scala/pipeline/execute.scala
2023.12.01 16:39:36 WARN  no build target for: /home/shehroz/5 stage pipielining processor/src/main/scala/pipeline/execute.scala
2023.12.01 16:39:45 WARN  no build target for: /home/shehroz/5 stage pipielining processor/src/main/scala/pipeline/execute.scala
2023.12.01 16:39:55 WARN  no build target for: /home/shehroz/5 stage pipielining processor/src/main/scala/pipeline/execute.scala
2023.12.01 16:39:56 WARN  no build target for: /home/shehroz/5 stage pipielining processor/src/main/scala/pipeline/execute.scala
2023.12.01 16:39:58 WARN  no build target for: /home/shehroz/5 stage pipielining processor/src/main/scala/pipeline/execute.scala
2023.12.01 16:40:03 WARN  no build target for: /home/shehroz/5 stage pipielining processor/src/main/scala/pipeline/execute.scala
2023.12.01 16:40:06 WARN  no build target for: /home/shehroz/5 stage pipielining processor/src/main/scala/pipeline/execute.scala
Dec 01, 2023 4:40:11 PM org.eclipse.lsp4j.jsonrpc.RemoteEndpoint handleCancellation
WARNING: Unmatched cancel notification for request id 6305
2023.12.01 16:40:13 WARN  no build target for: /home/shehroz/5 stage pipielining processor/src/main/scala/pipeline/execute.scala
2023.12.01 16:40:15 WARN  no build target for: /home/shehroz/5 stage pipielining processor/src/main/scala/pipeline/execute.scala
2023.12.01 16:40:16 WARN  no build target for: /home/shehroz/5 stage pipielining processor/src/main/scala/pipeline/execute.scala
2023.12.01 16:40:17 WARN  no build target for: /home/shehroz/5 stage pipielining processor/src/main/scala/pipeline/execute.scala
2023.12.01 16:40:20 WARN  no build target for: /home/shehroz/5 stage pipielining processor/src/main/scala/pipeline/execute.scala
2023.12.01 16:40:22 WARN  no build target for: /home/shehroz/5 stage pipielining processor/src/main/scala/pipeline/execute.scala
2023.12.01 16:40:29 WARN  no build target for: /home/shehroz/5 stage pipielining processor/src/main/scala/pipeline/execute.scala
2023.12.01 16:40:30 WARN  no build target for: /home/shehroz/5 stage pipielining processor/src/main/scala/pipeline/execute.scala
2023.12.01 16:40:32 WARN  no build target for: /home/shehroz/5 stage pipielining processor/src/main/scala/pipeline/execute.scala
2023.12.01 16:40:36 WARN  no build target for: /home/shehroz/5 stage pipielining processor/src/main/scala/pipeline/execute.scala
2023.12.01 16:40:37 WARN  no build target for: /home/shehroz/5 stage pipielining processor/src/main/scala/pipeline/execute.scala
2023.12.01 16:40:42 WARN  no build target for: /home/shehroz/5 stage pipielining processor/src/main/scala/pipeline/execute.scala
2023.12.01 16:40:43 WARN  no build target for: /home/shehroz/5 stage pipielining processor/src/main/scala/pipeline/execute.scala
Dec 01, 2023 4:40:44 PM org.eclipse.lsp4j.jsonrpc.RemoteEndpoint handleCancellation
WARNING: Unmatched cancel notification for request id 6474
2023.12.01 16:40:47 WARN  no build target for: /home/shehroz/5 stage pipielining processor/src/main/scala/pipeline/execute.scala
2023.12.01 16:40:53 WARN  no build target for: /home/shehroz/5 stage pipielining processor/src/main/scala/pipeline/execute.scala
2023.12.01 16:40:57 WARN  no build target for: /home/shehroz/5 stage pipielining processor/src/main/scala/pipeline/execute.scala
2023.12.01 16:41:09 WARN  no build target for: /home/shehroz/5 stage pipielining processor/src/main/scala/pipeline/execute.scala
2023.12.01 16:41:10 WARN  no build target for: /home/shehroz/5 stage pipielining processor/src/main/scala/pipeline/execute.scala
2023.12.01 16:42:27 WARN  no build target for: /home/shehroz/5 stage pipielining processor/src/main/scala/pipeline/mem.scala
2023.12.01 16:42:29 WARN  no build target for: /home/shehroz/5 stage pipielining processor/src/main/scala/pipeline/mem.scala
2023.12.01 16:42:51 WARN  no build target for: /home/shehroz/5 stage pipielining processor/src/main/scala/pipeline/mem.scala
Dec 01, 2023 4:42:53 PM org.eclipse.lsp4j.jsonrpc.RemoteEndpoint handleCancellation
WARNING: Unmatched cancel notification for request id 6602
2023.12.01 16:42:58 WARN  no build target for: /home/shehroz/5 stage pipielining processor/src/main/scala/pipeline/top.scala
2023.12.01 16:42:59 WARN  no build target for: /home/shehroz/5 stage pipielining processor/src/main/scala/pipeline/top.scala
2023.12.01 16:43:19 WARN  no build target for: /home/shehroz/5 stage pipielining processor/src/main/scala/pipeline/mem.scala
2023.12.01 16:43:27 WARN  no build target for: /home/shehroz/5 stage pipielining processor/src/main/scala/pipeline/mem.scala
2023.12.01 16:43:52 WARN  no build target for: /home/shehroz/5 stage pipielining processor/src/main/scala/pipeline/mem.scala
2023.12.01 16:44:03 WARN  no build target for: /home/shehroz/5 stage pipielining processor/src/main/scala/pipeline/mem.scala
Dec 01, 2023 4:44:06 PM org.eclipse.lsp4j.jsonrpc.RemoteEndpoint handleCancellation
WARNING: Unmatched cancel notification for request id 6722
Dec 01, 2023 4:44:06 PM org.eclipse.lsp4j.jsonrpc.RemoteEndpoint handleCancellation
WARNING: Unmatched cancel notification for request id 6723
2023.12.01 16:44:08 WARN  no build target for: /home/shehroz/5 stage pipielining processor/src/main/scala/pipeline/mem.scala
2023.12.01 16:44:10 WARN  no build target for: /home/shehroz/5 stage pipielining processor/src/main/scala/pipeline/mem.scala
2023.12.01 16:44:11 WARN  no build target for: /home/shehroz/5 stage pipielining processor/src/main/scala/pipeline/mem.scala
2023.12.01 16:44:16 WARN  no build target for: /home/shehroz/5 stage pipielining processor/src/main/scala/pipeline/mem.scala
2023.12.01 16:44:19 WARN  no build target for: /home/shehroz/5 stage pipielining processor/src/main/scala/pipeline/mem.scala
2023.12.01 16:44:30 WARN  no build target for: /home/shehroz/5 stage pipielining processor/src/main/scala/pipeline/mem.scala
2023.12.01 16:44:31 WARN  no build target for: /home/shehroz/5 stage pipielining processor/src/main/scala/pipeline/mem.scala
2023.12.01 16:44:34 WARN  no build target for: /home/shehroz/5 stage pipielining processor/src/main/scala/pipeline/mem.scala
2023.12.01 16:44:35 WARN  no build target for: /home/shehroz/5 stage pipielining processor/src/main/scala/pipeline/mem.scala
2023.12.01 16:44:45 WARN  no build target for: /home/shehroz/5 stage pipielining processor/src/main/scala/pipeline/mem.scala
2023.12.01 16:44:47 WARN  no build target for: /home/shehroz/5 stage pipielining processor/src/main/scala/pipeline/mem.scala
2023.12.01 16:44:49 WARN  no build target for: /home/shehroz/5 stage pipielining processor/src/main/scala/pipeline/mem.scala
2023.12.01 16:44:52 WARN  no build target for: /home/shehroz/5 stage pipielining processor/src/main/scala/pipeline/mem.scala
Dec 01, 2023 4:44:54 PM org.eclipse.lsp4j.jsonrpc.RemoteEndpoint handleCancellation
WARNING: Unmatched cancel notification for request id 6883
2023.12.01 16:44:55 WARN  no build target for: /home/shehroz/5 stage pipielining processor/src/main/scala/pipeline/mem.scala
2023.12.01 16:44:57 WARN  no build target for: /home/shehroz/5 stage pipielining processor/src/main/scala/pipeline/mem.scala
2023.12.01 16:44:59 WARN  no build target for: /home/shehroz/5 stage pipielining processor/src/main/scala/pipeline/mem.scala
2023.12.01 16:45:03 WARN  no build target for: /home/shehroz/5 stage pipielining processor/src/main/scala/pipeline/mem.scala
2023.12.01 16:45:06 WARN  no build target for: /home/shehroz/5 stage pipielining processor/src/main/scala/pipeline/mem.scala
2023.12.01 16:45:08 WARN  no build target for: /home/shehroz/5 stage pipielining processor/src/main/scala/pipeline/mem.scala
2023.12.01 16:45:11 WARN  no build target for: /home/shehroz/5 stage pipielining processor/src/main/scala/pipeline/mem.scala
2023.12.01 16:45:14 WARN  no build target for: /home/shehroz/5 stage pipielining processor/src/main/scala/pipeline/mem.scala
2023.12.01 16:45:22 WARN  no build target for: /home/shehroz/5 stage pipielining processor/src/main/scala/pipeline/mem.scala
2023.12.01 16:45:25 WARN  no build target for: /home/shehroz/5 stage pipielining processor/src/main/scala/pipeline/mem.scala
2023.12.01 16:45:30 WARN  no build target for: /home/shehroz/5 stage pipielining processor/src/main/scala/pipeline/mem.scala
2023.12.01 16:45:34 WARN  no build target for: /home/shehroz/5 stage pipielining processor/src/main/scala/pipeline/mem.scala
2023.12.01 16:45:35 WARN  no build target for: /home/shehroz/5 stage pipielining processor/src/main/scala/pipeline/mem.scala
2023.12.01 16:45:42 WARN  no build target for: /home/shehroz/5 stage pipielining processor/src/main/scala/pipeline/mem.scala
2023.12.01 16:45:46 WARN  no build target for: /home/shehroz/5 stage pipielining processor/src/main/scala/pipeline/mem.scala
2023.12.01 16:45:51 WARN  no build target for: /home/shehroz/5 stage pipielining processor/src/main/scala/pipeline/mem.scala
2023.12.01 16:45:53 WARN  no build target for: /home/shehroz/5 stage pipielining processor/src/main/scala/pipeline/mem.scala
2023.12.01 16:45:55 WARN  no build target for: /home/shehroz/5 stage pipielining processor/src/main/scala/pipeline/mem.scala
2023.12.01 16:45:59 WARN  no build target for: /home/shehroz/5 stage pipielining processor/src/main/scala/pipeline/mem.scala
2023.12.01 16:46:03 WARN  no build target for: /home/shehroz/5 stage pipielining processor/src/main/scala/pipeline/mem.scala
2023.12.01 16:46:06 WARN  no build target for: /home/shehroz/5 stage pipielining processor/src/main/scala/pipeline/mem.scala
2023.12.01 16:46:27 WARN  no build target for: /home/shehroz/5 stage pipielining processor/src/main/scala/pipeline/mem.scala
2023.12.01 16:46:31 WARN  no build target for: /home/shehroz/5 stage pipielining processor/src/main/scala/pipeline/mem.scala
2023.12.01 16:46:31 WARN  no build target for: /home/shehroz/5 stage pipielining processor/src/main/scala/pipeline/mem.scala
